2022-06-21 11:02:30,921:INFO:PyCaret Supervised Module
2022-06-21 11:02:30,921:INFO:ML Usecase: regression
2022-06-21 11:02:30,921:INFO:version 2.3.10
2022-06-21 11:02:30,921:INFO:Initializing setup()
2022-06-21 11:02:30,921:INFO:setup(target=Price, ml_usecase=regression, available_plots={'parameter': 'Hyperparameters', 'residuals': 'Residuals', 'error': 'Prediction Error', 'cooks': 'Cooks Distance', 'rfe': 'Feature Selection', 'learning': 'Learning Curve', 'manifold': 'Manifold Learning', 'vc': 'Validation Curve', 'feature': 'Feature Importance', 'feature_all': 'Feature Importance (All)', 'tree': 'Decision Tree', 'residuals_interactive': 'Interactive Residuals'}, train_size=0.7, test_data=None, preprocess=True, imputation_type=simple, iterative_imputation_iters=5, categorical_features=None, categorical_imputation=constant, categorical_iterative_imputer=lightgbm, ordinal_features=None, high_cardinality_features=None, high_cardinality_method=frequency, numeric_features=None, numeric_imputation=mean, numeric_iterative_imputer=lightgbm, date_features=None, ignore_features=None, normalize=False, normalize_method=zscore, transformation=False, transformation_method=yeo-johnson, handle_unknown_categorical=True, unknown_categorical_method=least_frequent, pca=False, pca_method=linear, pca_components=None, ignore_low_variance=False, combine_rare_levels=False, rare_level_threshold=0.1, bin_numeric_features=None, remove_outliers=False, outliers_threshold=0.05, remove_multicollinearity=False, multicollinearity_threshold=0.9, remove_perfect_collinearity=True, create_clusters=False, cluster_iter=20, polynomial_features=False, polynomial_degree=2, trigonometry_features=False, polynomial_threshold=0.1, group_features=None, group_names=None, feature_selection=False, feature_selection_threshold=0.8, feature_selection_method=classic, feature_interaction=False, feature_ratio=False, interaction_threshold=0.01, fix_imbalance=False, fix_imbalance_method=None, transform_target=True, transform_target_method=box-cox, data_split_shuffle=True, data_split_stratify=False, fold_strategy=kfold, fold=10, fold_shuffle=False, fold_groups=None, n_jobs=-1, use_gpu=False, custom_pipeline=None, html=True, session_id=None, log_experiment=True, experiment_name=diamond, experiment_custom_tags=None, log_plots=False, log_profile=False, log_data=False, silent=False, verbose=True, profile=False, profile_kwargs=None, display=None)
2022-06-21 11:02:30,921:INFO:Checking environment
2022-06-21 11:02:30,921:INFO:python_version: 3.7.13
2022-06-21 11:02:30,921:INFO:python_build: ('default', 'Apr 24 2022 01:04:09')
2022-06-21 11:02:30,921:INFO:machine: x86_64
2022-06-21 11:02:30,921:INFO:platform: Linux-5.4.188+-x86_64-with-Ubuntu-18.04-bionic
2022-06-21 11:02:30,922:INFO:Memory: svmem(total=13617745920, available=12567457792, percent=7.7, used=798457856, free=2750619648, active=1471909888, inactive=8831057920, buffers=239128576, cached=9829539840, shared=1232896, slab=507514880)
2022-06-21 11:02:30,923:INFO:Physical Core: 1
2022-06-21 11:02:30,923:INFO:Logical Core: 2
2022-06-21 11:02:30,923:INFO:Checking libraries
2022-06-21 11:02:30,923:INFO:pd==1.3.5
2022-06-21 11:02:30,923:INFO:numpy==1.19.5
2022-06-21 11:02:30,924:INFO:sklearn==0.23.2
2022-06-21 11:02:30,925:INFO:lightgbm==3.3.2
2022-06-21 11:02:30,979:INFO:catboost==1.0.6
2022-06-21 11:02:30,979:INFO:xgboost==1.6.1
2022-06-21 11:02:30,979:INFO:mlflow==1.26.1
2022-06-21 11:02:30,979:INFO:Checking Exceptions
2022-06-21 11:02:30,979:INFO:Declaring global variables
2022-06-21 11:02:30,979:INFO:USI: 8c94
2022-06-21 11:02:30,979:INFO:pycaret_globals: {'y', 'exp_name_log', 'create_model_container', 'X_train', 'y_train', 'transform_target_method_param', '_all_models_internal', '_gpu_n_jobs_param', 'pycaret_globals', '_all_models', 'stratify_param', 'fold_generator', 'html_param', 'prep_pipe', 'logging_param', 'n_jobs_param', 'imputation_regressor', 'fold_groups_param_full', 'fold_shuffle_param', 'fold_groups_param', '_internal_pipeline', 'transform_target_param', 'seed', '_all_metrics', 'target_param', 'dashboard_logger', 'y_test', 'gpu_param', '_available_plots', 'fold_param', 'USI', 'experiment__', 'fix_imbalance_param', 'iterative_imputation_iters_param', 'master_model_container', 'log_plots_param', '_ml_usecase', 'imputation_classifier', 'display_container', 'X_test', 'data_before_preprocess', 'fix_imbalance_method_param', 'X'}
2022-06-21 11:02:30,979:INFO:Preparing display monitor
2022-06-21 11:02:30,980:INFO:Preparing display monitor
2022-06-21 11:02:31,016:INFO:Importing libraries
2022-06-21 11:02:31,017:INFO:Copying data for preprocessing
2022-06-21 11:02:31,028:INFO:Declaring preprocessing parameters
2022-06-21 11:02:31,032:INFO:Creating preprocessing pipeline
2022-06-21 11:02:31,042:INFO:Preprocessing pipeline created successfully
2022-06-21 11:02:31,042:ERROR:(Process Exit): setup has been interupted with user command 'quit'. setup must rerun.
2022-06-21 11:02:31,042:INFO:Creating global containers
2022-06-21 11:02:31,044:INFO:Internal pipeline: Pipeline(memory=None, steps=[('empty_step', 'passthrough')], verbose=False)
2022-06-21 11:02:35,659:INFO:Creating grid variables
2022-06-21 11:02:35,686:INFO:Logging experiment in MLFlow
2022-06-21 11:02:35,869:INFO:SubProcess save_model() called ==================================
2022-06-21 11:02:35,894:INFO:Initializing save_model()
2022-06-21 11:02:35,895:INFO:save_model(model=Pipeline(memory=None,
         steps=[('dtypes',
                 DataTypes_Auto_infer(categorical_features=[],
                                      display_types=True, features_todrop=[],
                                      id_columns=[], ml_usecase='regression',
                                      numerical_features=[], target='Price',
                                      time_features=[])),
                ('imputer',
                 Simple_Imputer(categorical_strategy='not_available',
                                fill_value_categorical=None,
                                fill_value_numerical=None,
                                numeric_strategy='...
                ('scaling', 'passthrough'), ('P_transform', 'passthrough'),
                ('binn', 'passthrough'), ('rem_outliers', 'passthrough'),
                ('cluster_all', 'passthrough'),
                ('dummy', Dummify(target='Price')),
                ('fix_perfect', Remove_100(target='Price')),
                ('clean_names', Clean_Colum_Names()),
                ('feature_select', 'passthrough'), ('fix_multi', 'passthrough'),
                ('dfs', 'passthrough'), ('pca', 'passthrough')],
         verbose=False), model_name=Transformation Pipeline, prep_pipe_=Pipeline(memory=None,
         steps=[('dtypes',
                 DataTypes_Auto_infer(categorical_features=[],
                                      display_types=True, features_todrop=[],
                                      id_columns=[], ml_usecase='regression',
                                      numerical_features=[], target='Price',
                                      time_features=[])),
                ('imputer',
                 Simple_Imputer(categorical_strategy='not_available',
                                fill_value_categorical=None,
                                fill_value_numerical=None,
                                numeric_strategy='...
                ('scaling', 'passthrough'), ('P_transform', 'passthrough'),
                ('binn', 'passthrough'), ('rem_outliers', 'passthrough'),
                ('cluster_all', 'passthrough'),
                ('dummy', Dummify(target='Price')),
                ('fix_perfect', Remove_100(target='Price')),
                ('clean_names', Clean_Colum_Names()),
                ('feature_select', 'passthrough'), ('fix_multi', 'passthrough'),
                ('dfs', 'passthrough'), ('pca', 'passthrough')],
         verbose=False), verbose=False, kwargs={})
2022-06-21 11:02:35,895:INFO:Adding model into prep_pipe
2022-06-21 11:02:35,897:WARNING:Only Model saved as it was a pipeline.
2022-06-21 11:02:35,908:INFO:Transformation Pipeline.pkl saved in current working directory
2022-06-21 11:02:35,914:INFO:Pipeline(memory=None,
         steps=[('dtypes',
                 DataTypes_Auto_infer(categorical_features=[],
                                      display_types=True, features_todrop=[],
                                      id_columns=[], ml_usecase='regression',
                                      numerical_features=[], target='Price',
                                      time_features=[])),
                ('imputer',
                 Simple_Imputer(categorical_strategy='not_available',
                                fill_value_categorical=None,
                                fill_value_numerical=None,
                                numeric_strategy='...
                ('scaling', 'passthrough'), ('P_transform', 'passthrough'),
                ('binn', 'passthrough'), ('rem_outliers', 'passthrough'),
                ('cluster_all', 'passthrough'),
                ('dummy', Dummify(target='Price')),
                ('fix_perfect', Remove_100(target='Price')),
                ('clean_names', Clean_Colum_Names()),
                ('feature_select', 'passthrough'), ('fix_multi', 'passthrough'),
                ('dfs', 'passthrough'), ('pca', 'passthrough')],
         verbose=False)
2022-06-21 11:02:35,915:INFO:save_model() successfully completed......................................
2022-06-21 11:02:36,154:INFO:SubProcess save_model() end ==================================
2022-06-21 11:02:36,168:INFO:create_model_container: 0
2022-06-21 11:02:36,168:INFO:master_model_container: 0
2022-06-21 11:02:36,168:INFO:display_container: 1
2022-06-21 11:02:36,180:INFO:Pipeline(memory=None,
         steps=[('dtypes',
                 DataTypes_Auto_infer(categorical_features=[],
                                      display_types=True, features_todrop=[],
                                      id_columns=[], ml_usecase='regression',
                                      numerical_features=[], target='Price',
                                      time_features=[])),
                ('imputer',
                 Simple_Imputer(categorical_strategy='not_available',
                                fill_value_categorical=None,
                                fill_value_numerical=None,
                                numeric_strategy='...
                ('scaling', 'passthrough'), ('P_transform', 'passthrough'),
                ('binn', 'passthrough'), ('rem_outliers', 'passthrough'),
                ('cluster_all', 'passthrough'),
                ('dummy', Dummify(target='Price')),
                ('fix_perfect', Remove_100(target='Price')),
                ('clean_names', Clean_Colum_Names()),
                ('feature_select', 'passthrough'), ('fix_multi', 'passthrough'),
                ('dfs', 'passthrough'), ('pca', 'passthrough')],
         verbose=False)
2022-06-21 11:02:36,180:INFO:setup() succesfully completed......................................
2022-06-21 11:04:26,650:INFO:Initializing compare_models()
2022-06-21 11:04:26,651:INFO:compare_models(include=None, fold=None, round=4, cross_validation=True, sort=R2, n_select=1, budget_time=None, turbo=True, errors=ignore, fit_kwargs=None, groups=None, experiment_custom_tags=None, probability_threshold=None, verbose=True, display=None, exclude=None)
2022-06-21 11:04:26,651:INFO:Checking exceptions
2022-06-21 11:04:26,651:INFO:Preparing display monitor
2022-06-21 11:04:26,652:INFO:Preparing display monitor
2022-06-21 11:04:26,726:INFO:Initializing Linear Regression
2022-06-21 11:04:26,726:INFO:Total runtime is 4.5498212178548174e-06 minutes
2022-06-21 11:04:26,773:INFO:SubProcess create_model() called ==================================
2022-06-21 11:04:26,773:INFO:Initializing create_model()
2022-06-21 11:04:26,777:INFO:create_model(estimator=lr, fold=KFold(n_splits=10, random_state=None, shuffle=False), round=4, cross_validation=True, predict=True, fit_kwargs={}, groups=None, refit=False, verbose=False, system=False, metrics=None, experiment_custom_tags=None, add_to_model_list=True, probability_threshold=None, display=<pycaret.internal.Display.Display object at 0x7f1ca76ac5d0>, return_train_score=False, kwargs={})
2022-06-21 11:04:26,777:INFO:Checking exceptions
2022-06-21 11:04:26,777:INFO:Importing libraries
2022-06-21 11:04:26,778:INFO:Copying training dataset
2022-06-21 11:04:26,780:INFO:Defining folds
2022-06-21 11:04:26,780:INFO:Declaring metric variables
2022-06-21 11:04:26,836:INFO:Importing untrained model
2022-06-21 11:04:26,900:INFO:Linear Regression Imported succesfully
2022-06-21 11:04:26,959:INFO:Starting cross validation
2022-06-21 11:04:26,972:INFO:Cross validating with KFold(n_splits=10, random_state=None, shuffle=False), n_jobs=-1
2022-06-21 11:04:32,471:INFO:Calculating mean and std
2022-06-21 11:04:32,472:INFO:Creating metrics dataframe
2022-06-21 11:04:32,482:INFO:Uploading results into container
2022-06-21 11:04:32,482:INFO:Uploading model into container now
2022-06-21 11:04:32,483:INFO:create_model_container: 1
2022-06-21 11:04:32,483:INFO:master_model_container: 1
2022-06-21 11:04:32,483:INFO:display_container: 2
2022-06-21 11:04:32,484:INFO:PowerTransformedTargetRegressor(copy_X=True, fit_intercept=True, n_jobs=-1,
                                normalize=False,
                                power_transformer_method='box-cox',
                                power_transformer_standardize=True,
                                regressor=LinearRegression(copy_X=True,
                                                           fit_intercept=True,
                                                           n_jobs=-1,
                                                           normalize=False))
2022-06-21 11:04:32,484:INFO:create_model() succesfully completed......................................
2022-06-21 11:04:32,651:INFO:SubProcess create_model() end ==================================
2022-06-21 11:04:32,651:INFO:Creating metrics dataframe
2022-06-21 11:04:32,665:INFO:Initializing Lasso Regression
2022-06-21 11:04:32,665:INFO:Total runtime is 0.09899204174677531 minutes
2022-06-21 11:04:32,679:INFO:SubProcess create_model() called ==================================
2022-06-21 11:04:32,679:INFO:Initializing create_model()
2022-06-21 11:04:32,679:INFO:create_model(estimator=lasso, fold=KFold(n_splits=10, random_state=None, shuffle=False), round=4, cross_validation=True, predict=True, fit_kwargs={}, groups=None, refit=False, verbose=False, system=False, metrics=None, experiment_custom_tags=None, add_to_model_list=True, probability_threshold=None, display=<pycaret.internal.Display.Display object at 0x7f1ca76ac5d0>, return_train_score=False, kwargs={})
2022-06-21 11:04:32,680:INFO:Checking exceptions
2022-06-21 11:04:32,680:INFO:Importing libraries
2022-06-21 11:04:32,680:INFO:Copying training dataset
2022-06-21 11:04:32,681:INFO:Defining folds
2022-06-21 11:04:32,682:INFO:Declaring metric variables
2022-06-21 11:04:32,694:INFO:Importing untrained model
2022-06-21 11:04:32,706:INFO:Lasso Regression Imported succesfully
2022-06-21 11:04:32,731:INFO:Starting cross validation
2022-06-21 11:04:32,732:INFO:Cross validating with KFold(n_splits=10, random_state=None, shuffle=False), n_jobs=-1
2022-06-21 11:04:32,940:INFO:Calculating mean and std
2022-06-21 11:04:32,941:INFO:Creating metrics dataframe
2022-06-21 11:04:32,947:INFO:Uploading results into container
2022-06-21 11:04:32,947:INFO:Uploading model into container now
2022-06-21 11:04:32,947:INFO:create_model_container: 2
2022-06-21 11:04:32,947:INFO:master_model_container: 2
2022-06-21 11:04:32,947:INFO:display_container: 2
2022-06-21 11:04:32,949:INFO:PowerTransformedTargetRegressor(alpha=1.0, copy_X=True, fit_intercept=True,
                                max_iter=1000, normalize=False, positive=False,
                                power_transformer_method='box-cox',
                                power_transformer_standardize=True,
                                precompute=False, random_state=522,
                                regressor=Lasso(alpha=1.0, copy_X=True,
                                                fit_intercept=True,
                                                max_iter=1000, normalize=False,
                                                positive=False,
                                                precompute=False,
                                                random_state=522,
                                                selection='cyclic', tol=0.0001,
                                                warm_start=False),
                                selection='cyclic', tol=0.0001,
                                warm_start=False)
2022-06-21 11:04:32,949:INFO:create_model() succesfully completed......................................
2022-06-21 11:04:33,097:INFO:SubProcess create_model() end ==================================
2022-06-21 11:04:33,097:INFO:Creating metrics dataframe
2022-06-21 11:04:33,118:INFO:Initializing Ridge Regression
2022-06-21 11:04:33,118:INFO:Total runtime is 0.10653742949167888 minutes
2022-06-21 11:04:33,133:INFO:SubProcess create_model() called ==================================
2022-06-21 11:04:33,134:INFO:Initializing create_model()
2022-06-21 11:04:33,134:INFO:create_model(estimator=ridge, fold=KFold(n_splits=10, random_state=None, shuffle=False), round=4, cross_validation=True, predict=True, fit_kwargs={}, groups=None, refit=False, verbose=False, system=False, metrics=None, experiment_custom_tags=None, add_to_model_list=True, probability_threshold=None, display=<pycaret.internal.Display.Display object at 0x7f1ca76ac5d0>, return_train_score=False, kwargs={})
2022-06-21 11:04:33,134:INFO:Checking exceptions
2022-06-21 11:04:33,135:INFO:Importing libraries
2022-06-21 11:04:33,135:INFO:Copying training dataset
2022-06-21 11:04:33,136:INFO:Defining folds
2022-06-21 11:04:33,136:INFO:Declaring metric variables
2022-06-21 11:04:33,151:INFO:Importing untrained model
2022-06-21 11:04:33,167:INFO:Ridge Regression Imported succesfully
2022-06-21 11:04:33,198:INFO:Starting cross validation
2022-06-21 11:04:33,199:INFO:Cross validating with KFold(n_splits=10, random_state=None, shuffle=False), n_jobs=-1
2022-06-21 11:04:33,414:INFO:Calculating mean and std
2022-06-21 11:04:33,415:INFO:Creating metrics dataframe
2022-06-21 11:04:33,422:INFO:Uploading results into container
2022-06-21 11:04:33,422:INFO:Uploading model into container now
2022-06-21 11:04:33,422:INFO:create_model_container: 3
2022-06-21 11:04:33,422:INFO:master_model_container: 3
2022-06-21 11:04:33,422:INFO:display_container: 2
2022-06-21 11:04:33,425:INFO:PowerTransformedTargetRegressor(alpha=1.0, copy_X=True, fit_intercept=True,
                                max_iter=None, normalize=False,
                                power_transformer_method='box-cox',
                                power_transformer_standardize=True,
                                random_state=522,
                                regressor=Ridge(alpha=1.0, copy_X=True,
                                                fit_intercept=True,
                                                max_iter=None, normalize=False,
                                                random_state=522, solver='auto',
                                                tol=0.001),
                                solver='auto', tol=0.001)
2022-06-21 11:04:33,425:INFO:create_model() succesfully completed......................................
2022-06-21 11:04:33,570:INFO:SubProcess create_model() end ==================================
2022-06-21 11:04:33,571:INFO:Creating metrics dataframe
2022-06-21 11:04:33,589:INFO:Initializing Elastic Net
2022-06-21 11:04:33,589:INFO:Total runtime is 0.11438488562901816 minutes
2022-06-21 11:04:33,603:INFO:SubProcess create_model() called ==================================
2022-06-21 11:04:33,604:INFO:Initializing create_model()
2022-06-21 11:04:33,604:INFO:create_model(estimator=en, fold=KFold(n_splits=10, random_state=None, shuffle=False), round=4, cross_validation=True, predict=True, fit_kwargs={}, groups=None, refit=False, verbose=False, system=False, metrics=None, experiment_custom_tags=None, add_to_model_list=True, probability_threshold=None, display=<pycaret.internal.Display.Display object at 0x7f1ca76ac5d0>, return_train_score=False, kwargs={})
2022-06-21 11:04:33,604:INFO:Checking exceptions
2022-06-21 11:04:33,604:INFO:Importing libraries
2022-06-21 11:04:33,604:INFO:Copying training dataset
2022-06-21 11:04:33,606:INFO:Defining folds
2022-06-21 11:04:33,606:INFO:Declaring metric variables
2022-06-21 11:04:33,618:INFO:Importing untrained model
2022-06-21 11:04:33,630:INFO:Elastic Net Imported succesfully
2022-06-21 11:04:33,657:INFO:Starting cross validation
2022-06-21 11:04:33,658:INFO:Cross validating with KFold(n_splits=10, random_state=None, shuffle=False), n_jobs=-1
2022-06-21 11:04:33,870:INFO:Calculating mean and std
2022-06-21 11:04:33,871:INFO:Creating metrics dataframe
2022-06-21 11:04:33,878:INFO:Uploading results into container
2022-06-21 11:04:33,878:INFO:Uploading model into container now
2022-06-21 11:04:33,878:INFO:create_model_container: 4
2022-06-21 11:04:33,878:INFO:master_model_container: 4
2022-06-21 11:04:33,878:INFO:display_container: 2
2022-06-21 11:04:33,880:INFO:PowerTransformedTargetRegressor(alpha=1.0, copy_X=True, fit_intercept=True,
                                l1_ratio=0.5, max_iter=1000, normalize=False,
                                positive=False,
                                power_transformer_method='box-cox',
                                power_transformer_standardize=True,
                                precompute=False, random_state=522,
                                regressor=ElasticNet(alpha=1.0, copy_X=True,
                                                     fit_intercept=True,
                                                     l1_ratio=0.5,
                                                     max_iter=1000,
                                                     normalize=False,
                                                     positive=False,
                                                     precompute=False,
                                                     random_state=522,
                                                     selection='cyclic',
                                                     tol=0.0001,
                                                     warm_start=False),
                                selection='cyclic', tol=0.0001,
                                warm_start=False)
2022-06-21 11:04:33,880:INFO:create_model() succesfully completed......................................
2022-06-21 11:04:34,023:INFO:SubProcess create_model() end ==================================
2022-06-21 11:04:34,023:INFO:Creating metrics dataframe
2022-06-21 11:04:34,051:INFO:Initializing Least Angle Regression
2022-06-21 11:04:34,052:INFO:Total runtime is 0.12209996382395429 minutes
2022-06-21 11:04:34,068:INFO:SubProcess create_model() called ==================================
2022-06-21 11:04:34,069:INFO:Initializing create_model()
2022-06-21 11:04:34,069:INFO:create_model(estimator=lar, fold=KFold(n_splits=10, random_state=None, shuffle=False), round=4, cross_validation=True, predict=True, fit_kwargs={}, groups=None, refit=False, verbose=False, system=False, metrics=None, experiment_custom_tags=None, add_to_model_list=True, probability_threshold=None, display=<pycaret.internal.Display.Display object at 0x7f1ca76ac5d0>, return_train_score=False, kwargs={})
2022-06-21 11:04:34,069:INFO:Checking exceptions
2022-06-21 11:04:34,069:INFO:Importing libraries
2022-06-21 11:04:34,069:INFO:Copying training dataset
2022-06-21 11:04:34,070:INFO:Defining folds
2022-06-21 11:04:34,073:INFO:Declaring metric variables
2022-06-21 11:04:34,085:INFO:Importing untrained model
2022-06-21 11:04:34,099:INFO:Least Angle Regression Imported succesfully
2022-06-21 11:04:34,128:INFO:Starting cross validation
2022-06-21 11:04:34,129:INFO:Cross validating with KFold(n_splits=10, random_state=None, shuffle=False), n_jobs=-1
2022-06-21 11:04:34,409:WARNING:create_model() for lar raised an exception or returned all 0.0, trying without fit_kwargs:
2022-06-21 11:04:34,413:WARNING:joblib.externals.loky.process_executor._RemoteTraceback: 
"""
Traceback (most recent call last):
  File "/usr/local/lib/python3.7/dist-packages/joblib/externals/loky/process_executor.py", line 436, in _process_worker
    r = call_item()
  File "/usr/local/lib/python3.7/dist-packages/joblib/externals/loky/process_executor.py", line 288, in __call__
    return self.fn(*self.args, **self.kwargs)
  File "/usr/local/lib/python3.7/dist-packages/joblib/_parallel_backends.py", line 595, in __call__
    return self.func(*args, **kwargs)
  File "/usr/local/lib/python3.7/dist-packages/joblib/parallel.py", line 263, in __call__
    for func, args, kwargs in self.items]
  File "/usr/local/lib/python3.7/dist-packages/joblib/parallel.py", line 263, in <listcomp>
    for func, args, kwargs in self.items]
  File "/usr/local/lib/python3.7/dist-packages/sklearn/model_selection/_validation.py", line 560, in _fit_and_score
    test_scores = _score(estimator, X_test, y_test, scorer)
  File "/usr/local/lib/python3.7/dist-packages/sklearn/model_selection/_validation.py", line 607, in _score
    scores = scorer(estimator, X_test, y_test)
  File "/usr/local/lib/python3.7/dist-packages/sklearn/metrics/_scorer.py", line 88, in __call__
    *args, **kwargs)
  File "/usr/local/lib/python3.7/dist-packages/sklearn/metrics/_scorer.py", line 213, in _score
    **self._kwargs)
  File "/usr/local/lib/python3.7/dist-packages/sklearn/utils/validation.py", line 72, in inner_f
    return f(**kwargs)
  File "/usr/local/lib/python3.7/dist-packages/sklearn/metrics/_regression.py", line 179, in mean_absolute_error
    y_true, y_pred, multioutput)
  File "/usr/local/lib/python3.7/dist-packages/sklearn/metrics/_regression.py", line 86, in _check_reg_targets
    y_pred = check_array(y_pred, ensure_2d=False, dtype=dtype)
  File "/usr/local/lib/python3.7/dist-packages/sklearn/utils/validation.py", line 72, in inner_f
    return f(**kwargs)
  File "/usr/local/lib/python3.7/dist-packages/sklearn/utils/validation.py", line 645, in check_array
    allow_nan=force_all_finite == 'allow-nan')
  File "/usr/local/lib/python3.7/dist-packages/sklearn/utils/validation.py", line 99, in _assert_all_finite
    msg_dtype if msg_dtype is not None else X.dtype)
ValueError: Input contains NaN, infinity or a value too large for dtype('float64').
"""

The above exception was the direct cause of the following exception:

Traceback (most recent call last):
  File "/usr/local/lib/python3.7/dist-packages/pycaret/internal/tabular.py", line 2203, in compare_models
    model, model_fit_time = create_model_supervised(**create_model_args)
  File "/usr/local/lib/python3.7/dist-packages/pycaret/internal/tabular.py", line 3210, in create_model_supervised
    error_score=0,
  File "/usr/local/lib/python3.7/dist-packages/sklearn/utils/validation.py", line 72, in inner_f
    return f(**kwargs)
  File "/usr/local/lib/python3.7/dist-packages/sklearn/model_selection/_validation.py", line 248, in cross_validate
    for train, test in cv.split(X, y, groups))
  File "/usr/local/lib/python3.7/dist-packages/joblib/parallel.py", line 1056, in __call__
    self.retrieve()
  File "/usr/local/lib/python3.7/dist-packages/joblib/parallel.py", line 935, in retrieve
    self._output.extend(job.get(timeout=self.timeout))
  File "/usr/local/lib/python3.7/dist-packages/joblib/_parallel_backends.py", line 542, in wrap_future_result
    return future.result(timeout=timeout)
  File "/usr/lib/python3.7/concurrent/futures/_base.py", line 435, in result
    return self.__get_result()
  File "/usr/lib/python3.7/concurrent/futures/_base.py", line 384, in __get_result
    raise self._exception
ValueError: Input contains NaN, infinity or a value too large for dtype('float64').

2022-06-21 11:04:34,414:INFO:Initializing create_model()
2022-06-21 11:04:34,414:INFO:create_model(estimator=lar, fold=KFold(n_splits=10, random_state=None, shuffle=False), round=4, cross_validation=True, predict=True, fit_kwargs={}, groups=None, refit=False, verbose=False, system=False, metrics=None, experiment_custom_tags=None, add_to_model_list=True, probability_threshold=None, display=<pycaret.internal.Display.Display object at 0x7f1ca76ac5d0>, return_train_score=False, kwargs={})
2022-06-21 11:04:34,414:INFO:Checking exceptions
2022-06-21 11:04:34,414:INFO:Importing libraries
2022-06-21 11:04:34,414:INFO:Copying training dataset
2022-06-21 11:04:34,416:INFO:Defining folds
2022-06-21 11:04:34,416:INFO:Declaring metric variables
2022-06-21 11:04:34,430:INFO:Importing untrained model
2022-06-21 11:04:34,442:INFO:Least Angle Regression Imported succesfully
2022-06-21 11:04:34,471:INFO:Starting cross validation
2022-06-21 11:04:34,473:INFO:Cross validating with KFold(n_splits=10, random_state=None, shuffle=False), n_jobs=-1
2022-06-21 11:04:38,278:ERROR:create_model() for lar raised an exception or returned all 0.0:
2022-06-21 11:04:38,278:ERROR:joblib.externals.loky.process_executor._RemoteTraceback: 
"""
Traceback (most recent call last):
  File "/usr/local/lib/python3.7/dist-packages/joblib/externals/loky/process_executor.py", line 436, in _process_worker
    r = call_item()
  File "/usr/local/lib/python3.7/dist-packages/joblib/externals/loky/process_executor.py", line 288, in __call__
    return self.fn(*self.args, **self.kwargs)
  File "/usr/local/lib/python3.7/dist-packages/joblib/_parallel_backends.py", line 595, in __call__
    return self.func(*args, **kwargs)
  File "/usr/local/lib/python3.7/dist-packages/joblib/parallel.py", line 263, in __call__
    for func, args, kwargs in self.items]
  File "/usr/local/lib/python3.7/dist-packages/joblib/parallel.py", line 263, in <listcomp>
    for func, args, kwargs in self.items]
  File "/usr/local/lib/python3.7/dist-packages/sklearn/model_selection/_validation.py", line 560, in _fit_and_score
    test_scores = _score(estimator, X_test, y_test, scorer)
  File "/usr/local/lib/python3.7/dist-packages/sklearn/model_selection/_validation.py", line 607, in _score
    scores = scorer(estimator, X_test, y_test)
  File "/usr/local/lib/python3.7/dist-packages/sklearn/metrics/_scorer.py", line 88, in __call__
    *args, **kwargs)
  File "/usr/local/lib/python3.7/dist-packages/sklearn/metrics/_scorer.py", line 213, in _score
    **self._kwargs)
  File "/usr/local/lib/python3.7/dist-packages/sklearn/utils/validation.py", line 72, in inner_f
    return f(**kwargs)
  File "/usr/local/lib/python3.7/dist-packages/sklearn/metrics/_regression.py", line 179, in mean_absolute_error
    y_true, y_pred, multioutput)
  File "/usr/local/lib/python3.7/dist-packages/sklearn/metrics/_regression.py", line 86, in _check_reg_targets
    y_pred = check_array(y_pred, ensure_2d=False, dtype=dtype)
  File "/usr/local/lib/python3.7/dist-packages/sklearn/utils/validation.py", line 72, in inner_f
    return f(**kwargs)
  File "/usr/local/lib/python3.7/dist-packages/sklearn/utils/validation.py", line 645, in check_array
    allow_nan=force_all_finite == 'allow-nan')
  File "/usr/local/lib/python3.7/dist-packages/sklearn/utils/validation.py", line 99, in _assert_all_finite
    msg_dtype if msg_dtype is not None else X.dtype)
ValueError: Input contains NaN, infinity or a value too large for dtype('float64').
"""

The above exception was the direct cause of the following exception:

Traceback (most recent call last):
  File "/usr/local/lib/python3.7/dist-packages/pycaret/internal/tabular.py", line 2212, in compare_models
    model, model_fit_time = create_model_supervised(**create_model_args)
  File "/usr/local/lib/python3.7/dist-packages/pycaret/internal/tabular.py", line 3210, in create_model_supervised
    error_score=0,
  File "/usr/local/lib/python3.7/dist-packages/sklearn/utils/validation.py", line 72, in inner_f
    return f(**kwargs)
  File "/usr/local/lib/python3.7/dist-packages/sklearn/model_selection/_validation.py", line 248, in cross_validate
    for train, test in cv.split(X, y, groups))
  File "/usr/local/lib/python3.7/dist-packages/joblib/parallel.py", line 1056, in __call__
    self.retrieve()
  File "/usr/local/lib/python3.7/dist-packages/joblib/parallel.py", line 935, in retrieve
    self._output.extend(job.get(timeout=self.timeout))
  File "/usr/local/lib/python3.7/dist-packages/joblib/_parallel_backends.py", line 542, in wrap_future_result
    return future.result(timeout=timeout)
  File "/usr/lib/python3.7/concurrent/futures/_base.py", line 435, in result
    return self.__get_result()
  File "/usr/lib/python3.7/concurrent/futures/_base.py", line 384, in __get_result
    raise self._exception
ValueError: Input contains NaN, infinity or a value too large for dtype('float64').

2022-06-21 11:04:38,278:INFO:Initializing Lasso Least Angle Regression
2022-06-21 11:04:38,278:INFO:Total runtime is 0.19254601399103805 minutes
2022-06-21 11:04:38,298:INFO:SubProcess create_model() called ==================================
2022-06-21 11:04:38,298:INFO:Initializing create_model()
2022-06-21 11:04:38,298:INFO:create_model(estimator=llar, fold=KFold(n_splits=10, random_state=None, shuffle=False), round=4, cross_validation=True, predict=True, fit_kwargs={}, groups=None, refit=False, verbose=False, system=False, metrics=None, experiment_custom_tags=None, add_to_model_list=True, probability_threshold=None, display=<pycaret.internal.Display.Display object at 0x7f1ca76ac5d0>, return_train_score=False, kwargs={})
2022-06-21 11:04:38,299:INFO:Checking exceptions
2022-06-21 11:04:38,299:INFO:Importing libraries
2022-06-21 11:04:38,299:INFO:Copying training dataset
2022-06-21 11:04:38,300:INFO:Defining folds
2022-06-21 11:04:38,300:INFO:Declaring metric variables
2022-06-21 11:04:38,314:INFO:Importing untrained model
2022-06-21 11:04:38,330:INFO:Lasso Least Angle Regression Imported succesfully
2022-06-21 11:04:38,359:INFO:Starting cross validation
2022-06-21 11:04:38,360:INFO:Cross validating with KFold(n_splits=10, random_state=None, shuffle=False), n_jobs=-1
2022-06-21 11:04:42,125:INFO:Calculating mean and std
2022-06-21 11:04:42,127:INFO:Creating metrics dataframe
2022-06-21 11:04:42,134:INFO:Uploading results into container
2022-06-21 11:04:42,135:INFO:Uploading model into container now
2022-06-21 11:04:42,135:INFO:create_model_container: 5
2022-06-21 11:04:42,135:INFO:master_model_container: 5
2022-06-21 11:04:42,135:INFO:display_container: 2
2022-06-21 11:04:42,137:INFO:PowerTransformedTargetRegressor(alpha=1.0, copy_X=True,
                                eps=2.220446049250313e-16, fit_intercept=True,
                                fit_path=True, jitter=None, max_iter=500,
                                normalize=True, positive=False,
                                power_transformer_method='box-cox',
                                power_transformer_standardize=True,
                                precompute='auto', random_state=522,
                                regressor=LassoLars(alpha=1.0, copy_X=True,
                                                    eps=2.220446049250313e-16,
                                                    fit_intercept=True,
                                                    fit_path=True, jitter=None,
                                                    max_iter=500,
                                                    normalize=True,
                                                    positive=False,
                                                    precompute='auto',
                                                    random_state=522,
                                                    verbose=False),
                                verbose=False)
2022-06-21 11:04:42,137:INFO:create_model() succesfully completed......................................
2022-06-21 11:04:42,306:INFO:SubProcess create_model() end ==================================
2022-06-21 11:04:42,307:INFO:Creating metrics dataframe
2022-06-21 11:04:42,329:INFO:Initializing Orthogonal Matching Pursuit
2022-06-21 11:04:42,329:INFO:Total runtime is 0.26005094448725385 minutes
2022-06-21 11:04:42,347:INFO:SubProcess create_model() called ==================================
2022-06-21 11:04:42,348:INFO:Initializing create_model()
2022-06-21 11:04:42,348:INFO:create_model(estimator=omp, fold=KFold(n_splits=10, random_state=None, shuffle=False), round=4, cross_validation=True, predict=True, fit_kwargs={}, groups=None, refit=False, verbose=False, system=False, metrics=None, experiment_custom_tags=None, add_to_model_list=True, probability_threshold=None, display=<pycaret.internal.Display.Display object at 0x7f1ca76ac5d0>, return_train_score=False, kwargs={})
2022-06-21 11:04:42,349:INFO:Checking exceptions
2022-06-21 11:04:42,349:INFO:Importing libraries
2022-06-21 11:04:42,349:INFO:Copying training dataset
2022-06-21 11:04:42,350:INFO:Defining folds
2022-06-21 11:04:42,351:INFO:Declaring metric variables
2022-06-21 11:04:42,364:INFO:Importing untrained model
2022-06-21 11:04:42,377:INFO:Orthogonal Matching Pursuit Imported succesfully
2022-06-21 11:04:42,407:INFO:Starting cross validation
2022-06-21 11:04:42,408:INFO:Cross validating with KFold(n_splits=10, random_state=None, shuffle=False), n_jobs=-1
2022-06-21 11:04:42,623:INFO:Calculating mean and std
2022-06-21 11:04:42,625:INFO:Creating metrics dataframe
2022-06-21 11:04:42,634:INFO:Uploading results into container
2022-06-21 11:04:42,634:INFO:Uploading model into container now
2022-06-21 11:04:42,635:INFO:create_model_container: 6
2022-06-21 11:04:42,635:INFO:master_model_container: 6
2022-06-21 11:04:42,635:INFO:display_container: 2
2022-06-21 11:04:42,636:INFO:PowerTransformedTargetRegressor(fit_intercept=True, n_nonzero_coefs=None,
                                normalize=True,
                                power_transformer_method='box-cox',
                                power_transformer_standardize=True,
                                precompute='auto',
                                regressor=OrthogonalMatchingPursuit(fit_intercept=True,
                                                                    n_nonzero_coefs=None,
                                                                    normalize=True,
                                                                    precompute='auto',
                                                                    tol=None),
                                tol=None)
2022-06-21 11:04:42,636:INFO:create_model() succesfully completed......................................
2022-06-21 11:04:42,781:INFO:SubProcess create_model() end ==================================
2022-06-21 11:04:42,781:INFO:Creating metrics dataframe
2022-06-21 11:04:42,798:INFO:Initializing Bayesian Ridge
2022-06-21 11:04:42,799:INFO:Total runtime is 0.2678827921549479 minutes
2022-06-21 11:04:42,814:INFO:SubProcess create_model() called ==================================
2022-06-21 11:04:42,815:INFO:Initializing create_model()
2022-06-21 11:04:42,815:INFO:create_model(estimator=br, fold=KFold(n_splits=10, random_state=None, shuffle=False), round=4, cross_validation=True, predict=True, fit_kwargs={}, groups=None, refit=False, verbose=False, system=False, metrics=None, experiment_custom_tags=None, add_to_model_list=True, probability_threshold=None, display=<pycaret.internal.Display.Display object at 0x7f1ca76ac5d0>, return_train_score=False, kwargs={})
2022-06-21 11:04:42,815:INFO:Checking exceptions
2022-06-21 11:04:42,816:INFO:Importing libraries
2022-06-21 11:04:42,816:INFO:Copying training dataset
2022-06-21 11:04:42,817:INFO:Defining folds
2022-06-21 11:04:42,818:INFO:Declaring metric variables
2022-06-21 11:04:42,833:INFO:Importing untrained model
2022-06-21 11:04:42,848:INFO:Bayesian Ridge Imported succesfully
2022-06-21 11:04:42,876:INFO:Starting cross validation
2022-06-21 11:04:42,877:INFO:Cross validating with KFold(n_splits=10, random_state=None, shuffle=False), n_jobs=-1
2022-06-21 11:04:43,124:INFO:Calculating mean and std
2022-06-21 11:04:43,126:INFO:Creating metrics dataframe
2022-06-21 11:04:43,133:INFO:Uploading results into container
2022-06-21 11:04:43,133:INFO:Uploading model into container now
2022-06-21 11:04:43,134:INFO:create_model_container: 7
2022-06-21 11:04:43,134:INFO:master_model_container: 7
2022-06-21 11:04:43,134:INFO:display_container: 2
2022-06-21 11:04:43,136:INFO:PowerTransformedTargetRegressor(alpha_1=1e-06, alpha_2=1e-06, alpha_init=None,
                                compute_score=False, copy_X=True,
                                fit_intercept=True, lambda_1=1e-06,
                                lambda_2=1e-06, lambda_init=None, n_iter=300,
                                normalize=False,
                                power_transformer_method='box-cox',
                                power_transformer_standardize=True,
                                regressor=BayesianRidge(alpha_1=1e-06,
                                                        alpha_2=1e-06,
                                                        alpha_init=None,
                                                        compute_score=False,
                                                        copy_X=True,
                                                        fit_intercept=True,
                                                        lambda_1=1e-06,
                                                        lambda_2=1e-06,
                                                        lambda_init=None,
                                                        n_iter=300,
                                                        normalize=False,
                                                        tol=0.001,
                                                        verbose=False),
                                tol=0.001, verbose=False)
2022-06-21 11:04:43,136:INFO:create_model() succesfully completed......................................
2022-06-21 11:04:43,282:INFO:SubProcess create_model() end ==================================
2022-06-21 11:04:43,282:INFO:Creating metrics dataframe
2022-06-21 11:04:43,301:INFO:Initializing Passive Aggressive Regressor
2022-06-21 11:04:43,301:INFO:Total runtime is 0.2762625217437744 minutes
2022-06-21 11:04:43,315:INFO:SubProcess create_model() called ==================================
2022-06-21 11:04:43,316:INFO:Initializing create_model()
2022-06-21 11:04:43,316:INFO:create_model(estimator=par, fold=KFold(n_splits=10, random_state=None, shuffle=False), round=4, cross_validation=True, predict=True, fit_kwargs={}, groups=None, refit=False, verbose=False, system=False, metrics=None, experiment_custom_tags=None, add_to_model_list=True, probability_threshold=None, display=<pycaret.internal.Display.Display object at 0x7f1ca76ac5d0>, return_train_score=False, kwargs={})
2022-06-21 11:04:43,316:INFO:Checking exceptions
2022-06-21 11:04:43,316:INFO:Importing libraries
2022-06-21 11:04:43,316:INFO:Copying training dataset
2022-06-21 11:04:43,318:INFO:Defining folds
2022-06-21 11:04:43,318:INFO:Declaring metric variables
2022-06-21 11:04:43,332:INFO:Importing untrained model
2022-06-21 11:04:43,346:INFO:Passive Aggressive Regressor Imported succesfully
2022-06-21 11:04:43,372:INFO:Starting cross validation
2022-06-21 11:04:43,373:INFO:Cross validating with KFold(n_splits=10, random_state=None, shuffle=False), n_jobs=-1
2022-06-21 11:04:43,617:INFO:Calculating mean and std
2022-06-21 11:04:43,619:INFO:Creating metrics dataframe
2022-06-21 11:04:43,626:INFO:Uploading results into container
2022-06-21 11:04:43,626:INFO:Uploading model into container now
2022-06-21 11:04:43,626:INFO:create_model_container: 8
2022-06-21 11:04:43,626:INFO:master_model_container: 8
2022-06-21 11:04:43,626:INFO:display_container: 2
2022-06-21 11:04:43,629:INFO:PowerTransformedTargetRegressor(C=1.0, average=False, early_stopping=False,
                                epsilon=0.1, fit_intercept=True,
                                loss='epsilon_insensitive', max_iter=1000,
                                n_iter_no_change=5,
                                power_transformer_method='box-cox',
                                power_transformer_standardize=True,
                                random_state=522,
                                regressor=PassiveAggressiveRegressor(C=1.0,
                                                                     average=False,
                                                                     early_stopping=False,
                                                                     epsilon=0.1,
                                                                     fit_intercept=True,
                                                                     loss='epsilon_insensitive',
                                                                     max_iter=1000,
                                                                     n_iter_no_change=5,
                                                                     random_state=522,
                                                                     shuffle=True,
                                                                     tol=0.001,
                                                                     validation_fraction=0.1,
                                                                     verbose=0,
                                                                     warm_start=False),
                                shuffle=True, tol=0.001,
                                validation_fraction=0.1, verbose=0,
                                warm_start=False)
2022-06-21 11:04:43,630:INFO:create_model() succesfully completed......................................
2022-06-21 11:04:43,771:INFO:SubProcess create_model() end ==================================
2022-06-21 11:04:43,771:INFO:Creating metrics dataframe
2022-06-21 11:04:43,788:INFO:Initializing Huber Regressor
2022-06-21 11:04:43,788:INFO:Total runtime is 0.2843681454658508 minutes
2022-06-21 11:04:43,805:INFO:SubProcess create_model() called ==================================
2022-06-21 11:04:43,806:INFO:Initializing create_model()
2022-06-21 11:04:43,806:INFO:create_model(estimator=huber, fold=KFold(n_splits=10, random_state=None, shuffle=False), round=4, cross_validation=True, predict=True, fit_kwargs={}, groups=None, refit=False, verbose=False, system=False, metrics=None, experiment_custom_tags=None, add_to_model_list=True, probability_threshold=None, display=<pycaret.internal.Display.Display object at 0x7f1ca76ac5d0>, return_train_score=False, kwargs={})
2022-06-21 11:04:43,806:INFO:Checking exceptions
2022-06-21 11:04:43,806:INFO:Importing libraries
2022-06-21 11:04:43,806:INFO:Copying training dataset
2022-06-21 11:04:43,808:INFO:Defining folds
2022-06-21 11:04:43,808:INFO:Declaring metric variables
2022-06-21 11:04:43,821:INFO:Importing untrained model
2022-06-21 11:04:43,836:INFO:Huber Regressor Imported succesfully
2022-06-21 11:04:43,867:INFO:Starting cross validation
2022-06-21 11:04:43,868:INFO:Cross validating with KFold(n_splits=10, random_state=None, shuffle=False), n_jobs=-1
2022-06-21 11:04:45,002:INFO:Calculating mean and std
2022-06-21 11:04:45,003:INFO:Creating metrics dataframe
2022-06-21 11:04:45,009:INFO:Uploading results into container
2022-06-21 11:04:45,009:INFO:Uploading model into container now
2022-06-21 11:04:45,010:INFO:create_model_container: 9
2022-06-21 11:04:45,010:INFO:master_model_container: 9
2022-06-21 11:04:45,010:INFO:display_container: 2
2022-06-21 11:04:45,016:INFO:PowerTransformedTargetRegressor(alpha=0.0001, epsilon=1.35, fit_intercept=True,
                                max_iter=100,
                                power_transformer_method='box-cox',
                                power_transformer_standardize=True,
                                regressor=HuberRegressor(alpha=0.0001,
                                                         epsilon=1.35,
                                                         fit_intercept=True,
                                                         max_iter=100,
                                                         tol=1e-05,
                                                         warm_start=False),
                                tol=1e-05, warm_start=False)
2022-06-21 11:04:45,017:INFO:create_model() succesfully completed......................................
2022-06-21 11:04:45,164:INFO:SubProcess create_model() end ==================================
2022-06-21 11:04:45,165:INFO:Creating metrics dataframe
2022-06-21 11:04:45,186:INFO:Initializing K Neighbors Regressor
2022-06-21 11:04:45,186:INFO:Total runtime is 0.30767629146575926 minutes
2022-06-21 11:04:45,205:INFO:SubProcess create_model() called ==================================
2022-06-21 11:04:45,206:INFO:Initializing create_model()
2022-06-21 11:04:45,206:INFO:create_model(estimator=knn, fold=KFold(n_splits=10, random_state=None, shuffle=False), round=4, cross_validation=True, predict=True, fit_kwargs={}, groups=None, refit=False, verbose=False, system=False, metrics=None, experiment_custom_tags=None, add_to_model_list=True, probability_threshold=None, display=<pycaret.internal.Display.Display object at 0x7f1ca76ac5d0>, return_train_score=False, kwargs={})
2022-06-21 11:04:45,206:INFO:Checking exceptions
2022-06-21 11:04:45,206:INFO:Importing libraries
2022-06-21 11:04:45,206:INFO:Copying training dataset
2022-06-21 11:04:45,207:INFO:Defining folds
2022-06-21 11:04:45,209:INFO:Declaring metric variables
2022-06-21 11:04:45,225:INFO:Importing untrained model
2022-06-21 11:04:45,237:INFO:K Neighbors Regressor Imported succesfully
2022-06-21 11:04:45,263:INFO:Starting cross validation
2022-06-21 11:04:45,264:INFO:Cross validating with KFold(n_splits=10, random_state=None, shuffle=False), n_jobs=-1
2022-06-21 11:04:46,108:INFO:Calculating mean and std
2022-06-21 11:04:46,109:INFO:Creating metrics dataframe
2022-06-21 11:04:46,120:INFO:Uploading results into container
2022-06-21 11:04:46,120:INFO:Uploading model into container now
2022-06-21 11:04:46,120:INFO:create_model_container: 10
2022-06-21 11:04:46,121:INFO:master_model_container: 10
2022-06-21 11:04:46,121:INFO:display_container: 2
2022-06-21 11:04:46,122:INFO:PowerTransformedTargetRegressor(algorithm='auto', leaf_size=30,
                                metric='minkowski', metric_params=None,
                                n_jobs=-1, n_neighbors=5, p=2,
                                power_transformer_method='box-cox',
                                power_transformer_standardize=True,
                                regressor=KNeighborsRegressor(algorithm='auto',
                                                              leaf_size=30,
                                                              metric='minkowski',
                                                              metric_params=None,
                                                              n_jobs=-1,
                                                              n_neighbors=5,
                                                              p=2,
                                                              weights='uniform'),
                                weights='uniform')
2022-06-21 11:04:46,122:INFO:create_model() succesfully completed......................................
2022-06-21 11:04:46,265:INFO:SubProcess create_model() end ==================================
2022-06-21 11:04:46,265:INFO:Creating metrics dataframe
2022-06-21 11:04:46,285:INFO:Initializing Decision Tree Regressor
2022-06-21 11:04:46,285:INFO:Total runtime is 0.3259967684745788 minutes
2022-06-21 11:04:46,301:INFO:SubProcess create_model() called ==================================
2022-06-21 11:04:46,301:INFO:Initializing create_model()
2022-06-21 11:04:46,301:INFO:create_model(estimator=dt, fold=KFold(n_splits=10, random_state=None, shuffle=False), round=4, cross_validation=True, predict=True, fit_kwargs={}, groups=None, refit=False, verbose=False, system=False, metrics=None, experiment_custom_tags=None, add_to_model_list=True, probability_threshold=None, display=<pycaret.internal.Display.Display object at 0x7f1ca76ac5d0>, return_train_score=False, kwargs={})
2022-06-21 11:04:46,301:INFO:Checking exceptions
2022-06-21 11:04:46,302:INFO:Importing libraries
2022-06-21 11:04:46,302:INFO:Copying training dataset
2022-06-21 11:04:46,303:INFO:Defining folds
2022-06-21 11:04:46,303:INFO:Declaring metric variables
2022-06-21 11:04:46,317:INFO:Importing untrained model
2022-06-21 11:04:46,335:INFO:Decision Tree Regressor Imported succesfully
2022-06-21 11:04:46,364:INFO:Starting cross validation
2022-06-21 11:04:46,365:INFO:Cross validating with KFold(n_splits=10, random_state=None, shuffle=False), n_jobs=-1
2022-06-21 11:04:46,702:INFO:Calculating mean and std
2022-06-21 11:04:46,704:INFO:Creating metrics dataframe
2022-06-21 11:04:46,714:INFO:Uploading results into container
2022-06-21 11:04:46,714:INFO:Uploading model into container now
2022-06-21 11:04:46,714:INFO:create_model_container: 11
2022-06-21 11:04:46,715:INFO:master_model_container: 11
2022-06-21 11:04:46,715:INFO:display_container: 2
2022-06-21 11:04:46,718:INFO:PowerTransformedTargetRegressor(ccp_alpha=0.0, criterion='mse', max_depth=None,
                                max_features=None, max_leaf_nodes=None,
                                min_impurity_decrease=0.0,
                                min_impurity_split=None, min_samples_leaf=1,
                                min_samples_split=2,
                                min_weight_fraction_leaf=0.0,
                                power_transformer_method='box-cox',
                                power_transformer_standardize=True,
                                presort='deprecated', random_state=522,
                                regressor=DecisionTreeRegressor(ccp_alpha=0.0,
                                                                criterion='mse',
                                                                max_depth=None,
                                                                max_features=None,
                                                                max_leaf_nodes=None,
                                                                min_impurity_decrease=0.0,
                                                                min_impurity_split=None,
                                                                min_samples_leaf=1,
                                                                min_samples_split=2,
                                                                min_weight_fraction_leaf=0.0,
                                                                presort='deprecated',
                                                                random_state=522,
                                                                splitter='best'),
                                splitter='best')
2022-06-21 11:04:46,718:INFO:create_model() succesfully completed......................................
2022-06-21 11:04:46,858:INFO:SubProcess create_model() end ==================================
2022-06-21 11:04:46,859:INFO:Creating metrics dataframe
2022-06-21 11:04:46,885:INFO:Initializing Random Forest Regressor
2022-06-21 11:04:46,886:INFO:Total runtime is 0.336002238591512 minutes
2022-06-21 11:04:46,901:INFO:SubProcess create_model() called ==================================
2022-06-21 11:04:46,901:INFO:Initializing create_model()
2022-06-21 11:04:46,901:INFO:create_model(estimator=rf, fold=KFold(n_splits=10, random_state=None, shuffle=False), round=4, cross_validation=True, predict=True, fit_kwargs={}, groups=None, refit=False, verbose=False, system=False, metrics=None, experiment_custom_tags=None, add_to_model_list=True, probability_threshold=None, display=<pycaret.internal.Display.Display object at 0x7f1ca76ac5d0>, return_train_score=False, kwargs={})
2022-06-21 11:04:46,901:INFO:Checking exceptions
2022-06-21 11:04:46,901:INFO:Importing libraries
2022-06-21 11:04:46,901:INFO:Copying training dataset
2022-06-21 11:04:46,902:INFO:Defining folds
2022-06-21 11:04:46,903:INFO:Declaring metric variables
2022-06-21 11:04:46,918:INFO:Importing untrained model
2022-06-21 11:04:46,935:INFO:Random Forest Regressor Imported succesfully
2022-06-21 11:04:46,964:INFO:Starting cross validation
2022-06-21 11:04:46,965:INFO:Cross validating with KFold(n_splits=10, random_state=None, shuffle=False), n_jobs=-1
2022-06-21 11:04:57,389:INFO:Calculating mean and std
2022-06-21 11:04:57,390:INFO:Creating metrics dataframe
2022-06-21 11:04:57,401:INFO:Uploading results into container
2022-06-21 11:04:57,401:INFO:Uploading model into container now
2022-06-21 11:04:57,401:INFO:create_model_container: 12
2022-06-21 11:04:57,401:INFO:master_model_container: 12
2022-06-21 11:04:57,401:INFO:display_container: 2
2022-06-21 11:04:57,405:INFO:PowerTransformedTargetRegressor(bootstrap=True, ccp_alpha=0.0, criterion='mse',
                                max_depth=None, max_features='auto',
                                max_leaf_nodes=None, max_samples=None,
                                min_impurity_decrease=0.0,
                                min_impurity_split=None, min_samples_leaf=1,
                                min_samples_split=2,
                                min_weight_fraction_leaf=0.0, n_estimators=100,
                                n_jobs=-1, oob_score=False,
                                power_transformer_method='box-cox',
                                power...
                                regressor=RandomForestRegressor(bootstrap=True,
                                                                ccp_alpha=0.0,
                                                                criterion='mse',
                                                                max_depth=None,
                                                                max_features='auto',
                                                                max_leaf_nodes=None,
                                                                max_samples=None,
                                                                min_impurity_decrease=0.0,
                                                                min_impurity_split=None,
                                                                min_samples_leaf=1,
                                                                min_samples_split=2,
                                                                min_weight_fraction_leaf=0.0,
                                                                n_estimators=100,
                                                                n_jobs=-1,
                                                                oob_score=False,
                                                                random_state=522,
                                                                verbose=0,
                                                                warm_start=False),
                                verbose=0, warm_start=False)
2022-06-21 11:04:57,405:INFO:create_model() succesfully completed......................................
2022-06-21 11:04:57,548:INFO:SubProcess create_model() end ==================================
2022-06-21 11:04:57,548:INFO:Creating metrics dataframe
2022-06-21 11:04:57,567:INFO:Initializing Extra Trees Regressor
2022-06-21 11:04:57,567:INFO:Total runtime is 0.5140188415845235 minutes
2022-06-21 11:04:57,582:INFO:SubProcess create_model() called ==================================
2022-06-21 11:04:57,583:INFO:Initializing create_model()
2022-06-21 11:04:57,583:INFO:create_model(estimator=et, fold=KFold(n_splits=10, random_state=None, shuffle=False), round=4, cross_validation=True, predict=True, fit_kwargs={}, groups=None, refit=False, verbose=False, system=False, metrics=None, experiment_custom_tags=None, add_to_model_list=True, probability_threshold=None, display=<pycaret.internal.Display.Display object at 0x7f1ca76ac5d0>, return_train_score=False, kwargs={})
2022-06-21 11:04:57,583:INFO:Checking exceptions
2022-06-21 11:04:57,583:INFO:Importing libraries
2022-06-21 11:04:57,583:INFO:Copying training dataset
2022-06-21 11:04:57,584:INFO:Defining folds
2022-06-21 11:04:57,584:INFO:Declaring metric variables
2022-06-21 11:04:57,600:INFO:Importing untrained model
2022-06-21 11:04:57,615:INFO:Extra Trees Regressor Imported succesfully
2022-06-21 11:04:57,646:INFO:Starting cross validation
2022-06-21 11:04:57,647:INFO:Cross validating with KFold(n_splits=10, random_state=None, shuffle=False), n_jobs=-1
2022-06-21 11:05:09,198:INFO:Calculating mean and std
2022-06-21 11:05:09,200:INFO:Creating metrics dataframe
2022-06-21 11:05:09,213:INFO:Uploading results into container
2022-06-21 11:05:09,213:INFO:Uploading model into container now
2022-06-21 11:05:09,213:INFO:create_model_container: 13
2022-06-21 11:05:09,213:INFO:master_model_container: 13
2022-06-21 11:05:09,213:INFO:display_container: 2
2022-06-21 11:05:09,216:INFO:PowerTransformedTargetRegressor(bootstrap=False, ccp_alpha=0.0, criterion='mse',
                                max_depth=None, max_features='auto',
                                max_leaf_nodes=None, max_samples=None,
                                min_impurity_decrease=0.0,
                                min_impurity_split=None, min_samples_leaf=1,
                                min_samples_split=2,
                                min_weight_fraction_leaf=0.0, n_estimators=100,
                                n_jobs=-1, oob_score=False,
                                power_transformer_method='box-cox',
                                powe...
                                regressor=ExtraTreesRegressor(bootstrap=False,
                                                              ccp_alpha=0.0,
                                                              criterion='mse',
                                                              max_depth=None,
                                                              max_features='auto',
                                                              max_leaf_nodes=None,
                                                              max_samples=None,
                                                              min_impurity_decrease=0.0,
                                                              min_impurity_split=None,
                                                              min_samples_leaf=1,
                                                              min_samples_split=2,
                                                              min_weight_fraction_leaf=0.0,
                                                              n_estimators=100,
                                                              n_jobs=-1,
                                                              oob_score=False,
                                                              random_state=522,
                                                              verbose=0,
                                                              warm_start=False),
                                verbose=0, warm_start=False)
2022-06-21 11:05:09,216:INFO:create_model() succesfully completed......................................
2022-06-21 11:05:09,361:INFO:SubProcess create_model() end ==================================
2022-06-21 11:05:09,362:INFO:Creating metrics dataframe
2022-06-21 11:05:09,381:INFO:Initializing AdaBoost Regressor
2022-06-21 11:05:09,382:INFO:Total runtime is 0.710932449499766 minutes
2022-06-21 11:05:09,394:INFO:SubProcess create_model() called ==================================
2022-06-21 11:05:09,395:INFO:Initializing create_model()
2022-06-21 11:05:09,395:INFO:create_model(estimator=ada, fold=KFold(n_splits=10, random_state=None, shuffle=False), round=4, cross_validation=True, predict=True, fit_kwargs={}, groups=None, refit=False, verbose=False, system=False, metrics=None, experiment_custom_tags=None, add_to_model_list=True, probability_threshold=None, display=<pycaret.internal.Display.Display object at 0x7f1ca76ac5d0>, return_train_score=False, kwargs={})
2022-06-21 11:05:09,395:INFO:Checking exceptions
2022-06-21 11:05:09,395:INFO:Importing libraries
2022-06-21 11:05:09,395:INFO:Copying training dataset
2022-06-21 11:05:09,397:INFO:Defining folds
2022-06-21 11:05:09,397:INFO:Declaring metric variables
2022-06-21 11:05:09,411:INFO:Importing untrained model
2022-06-21 11:05:09,426:INFO:AdaBoost Regressor Imported succesfully
2022-06-21 11:05:09,455:INFO:Starting cross validation
2022-06-21 11:05:09,455:INFO:Cross validating with KFold(n_splits=10, random_state=None, shuffle=False), n_jobs=-1
2022-06-21 11:05:11,749:INFO:Calculating mean and std
2022-06-21 11:05:11,751:INFO:Creating metrics dataframe
2022-06-21 11:05:11,758:INFO:Uploading results into container
2022-06-21 11:05:11,758:INFO:Uploading model into container now
2022-06-21 11:05:11,758:INFO:create_model_container: 14
2022-06-21 11:05:11,758:INFO:master_model_container: 14
2022-06-21 11:05:11,758:INFO:display_container: 2
2022-06-21 11:05:11,760:INFO:PowerTransformedTargetRegressor(base_estimator=None, learning_rate=1.0,
                                loss='linear', n_estimators=50,
                                power_transformer_method='box-cox',
                                power_transformer_standardize=True,
                                random_state=522,
                                regressor=AdaBoostRegressor(base_estimator=None,
                                                            learning_rate=1.0,
                                                            loss='linear',
                                                            n_estimators=50,
                                                            random_state=522))
2022-06-21 11:05:11,760:INFO:create_model() succesfully completed......................................
2022-06-21 11:05:11,901:INFO:SubProcess create_model() end ==================================
2022-06-21 11:05:11,903:INFO:Creating metrics dataframe
2022-06-21 11:05:11,927:INFO:Initializing Gradient Boosting Regressor
2022-06-21 11:05:11,928:INFO:Total runtime is 0.7533649365107218 minutes
2022-06-21 11:05:11,943:INFO:SubProcess create_model() called ==================================
2022-06-21 11:05:11,943:INFO:Initializing create_model()
2022-06-21 11:05:11,944:INFO:create_model(estimator=gbr, fold=KFold(n_splits=10, random_state=None, shuffle=False), round=4, cross_validation=True, predict=True, fit_kwargs={}, groups=None, refit=False, verbose=False, system=False, metrics=None, experiment_custom_tags=None, add_to_model_list=True, probability_threshold=None, display=<pycaret.internal.Display.Display object at 0x7f1ca76ac5d0>, return_train_score=False, kwargs={})
2022-06-21 11:05:11,944:INFO:Checking exceptions
2022-06-21 11:05:11,944:INFO:Importing libraries
2022-06-21 11:05:11,944:INFO:Copying training dataset
2022-06-21 11:05:11,948:INFO:Defining folds
2022-06-21 11:05:11,948:INFO:Declaring metric variables
2022-06-21 11:05:11,966:INFO:Importing untrained model
2022-06-21 11:05:11,981:INFO:Gradient Boosting Regressor Imported succesfully
2022-06-21 11:05:12,010:INFO:Starting cross validation
2022-06-21 11:05:12,011:INFO:Cross validating with KFold(n_splits=10, random_state=None, shuffle=False), n_jobs=-1
2022-06-21 11:05:14,767:INFO:Calculating mean and std
2022-06-21 11:05:14,769:INFO:Creating metrics dataframe
2022-06-21 11:05:14,775:INFO:Uploading results into container
2022-06-21 11:05:14,776:INFO:Uploading model into container now
2022-06-21 11:05:14,776:INFO:create_model_container: 15
2022-06-21 11:05:14,776:INFO:master_model_container: 15
2022-06-21 11:05:14,776:INFO:display_container: 2
2022-06-21 11:05:14,778:INFO:PowerTransformedTargetRegressor(alpha=0.9, ccp_alpha=0.0,
                                criterion='friedman_mse', init=None,
                                learning_rate=0.1, loss='ls', max_depth=3,
                                max_features=None, max_leaf_nodes=None,
                                min_impurity_decrease=0.0,
                                min_impurity_split=None, min_samples_leaf=1,
                                min_samples_split=2,
                                min_weight_fraction_leaf=0.0, n_estimators=100,
                                n_iter_no_change=None,
                                power_transformer_method...
                                                                    max_leaf_nodes=None,
                                                                    min_impurity_decrease=0.0,
                                                                    min_impurity_split=None,
                                                                    min_samples_leaf=1,
                                                                    min_samples_split=2,
                                                                    min_weight_fraction_leaf=0.0,
                                                                    n_estimators=100,
                                                                    n_iter_no_change=None,
                                                                    presort='deprecated',
                                                                    random_state=522,
                                                                    subsample=1.0,
                                                                    tol=0.0001,
                                                                    validation_fraction=0.1,
                                                                    verbose=0,
                                                                    warm_start=False),
                                subsample=1.0, tol=0.0001,
                                validation_fraction=0.1, verbose=0,
                                warm_start=False)
2022-06-21 11:05:14,778:INFO:create_model() succesfully completed......................................
2022-06-21 11:05:14,922:INFO:SubProcess create_model() end ==================================
2022-06-21 11:05:14,922:INFO:Creating metrics dataframe
2022-06-21 11:05:14,951:INFO:Initializing Extreme Gradient Boosting
2022-06-21 11:05:14,951:INFO:Total runtime is 0.8037519574165344 minutes
2022-06-21 11:05:14,965:INFO:SubProcess create_model() called ==================================
2022-06-21 11:05:14,966:INFO:Initializing create_model()
2022-06-21 11:05:14,966:INFO:create_model(estimator=xgboost, fold=KFold(n_splits=10, random_state=None, shuffle=False), round=4, cross_validation=True, predict=True, fit_kwargs={}, groups=None, refit=False, verbose=False, system=False, metrics=None, experiment_custom_tags=None, add_to_model_list=True, probability_threshold=None, display=<pycaret.internal.Display.Display object at 0x7f1ca76ac5d0>, return_train_score=False, kwargs={})
2022-06-21 11:05:14,966:INFO:Checking exceptions
2022-06-21 11:05:14,966:INFO:Importing libraries
2022-06-21 11:05:14,966:INFO:Copying training dataset
2022-06-21 11:05:14,968:INFO:Defining folds
2022-06-21 11:05:14,968:INFO:Declaring metric variables
2022-06-21 11:05:14,979:INFO:Importing untrained model
2022-06-21 11:05:14,994:INFO:Extreme Gradient Boosting Imported succesfully
2022-06-21 11:05:15,024:INFO:Starting cross validation
2022-06-21 11:05:15,025:INFO:Cross validating with KFold(n_splits=10, random_state=None, shuffle=False), n_jobs=-1
2022-06-21 11:05:22,177:INFO:Calculating mean and std
2022-06-21 11:05:22,179:INFO:Creating metrics dataframe
2022-06-21 11:05:22,185:INFO:Uploading results into container
2022-06-21 11:05:22,185:INFO:Uploading model into container now
2022-06-21 11:05:22,185:INFO:create_model_container: 16
2022-06-21 11:05:22,185:INFO:master_model_container: 16
2022-06-21 11:05:22,186:INFO:display_container: 2
2022-06-21 11:05:22,187:INFO:PowerTransformedTargetRegressor(base_score=None, booster='gbtree',
                                callbacks=None, colsample_bylevel=None,
                                colsample_bynode=None, colsample_bytree=None,
                                early_stopping_rounds=None,
                                enable_categorical=False, eval_metric=None,
                                gamma=None, gpu_id=None, grow_policy=None,
                                importance_type=None,
                                interaction_constraints=None,
                                learning_rate=None, max_bin=None,
                                max_cat_to_onehot=None, max_delta_step=None,
                                max_depth=None, max_leaves=None,
                                min_child_weight=None, missing=nan,
                                monotone_constraints=None, n_estimators=100,
                                n_jobs=-1, num_parallel_tree=None,
                                objective='reg:squarederror',
                                power_transformer_method='box-cox',
                                power_transformer_standardize=True,
                                predictor=None, ...)
2022-06-21 11:05:22,187:INFO:create_model() succesfully completed......................................
2022-06-21 11:05:22,340:INFO:SubProcess create_model() end ==================================
2022-06-21 11:05:22,340:INFO:Creating metrics dataframe
2022-06-21 11:05:22,368:INFO:Initializing Light Gradient Boosting Machine
2022-06-21 11:05:22,368:INFO:Total runtime is 0.9273768305778503 minutes
2022-06-21 11:05:22,383:INFO:SubProcess create_model() called ==================================
2022-06-21 11:05:22,384:INFO:Initializing create_model()
2022-06-21 11:05:22,384:INFO:create_model(estimator=lightgbm, fold=KFold(n_splits=10, random_state=None, shuffle=False), round=4, cross_validation=True, predict=True, fit_kwargs={}, groups=None, refit=False, verbose=False, system=False, metrics=None, experiment_custom_tags=None, add_to_model_list=True, probability_threshold=None, display=<pycaret.internal.Display.Display object at 0x7f1ca76ac5d0>, return_train_score=False, kwargs={})
2022-06-21 11:05:22,384:INFO:Checking exceptions
2022-06-21 11:05:22,384:INFO:Importing libraries
2022-06-21 11:05:22,384:INFO:Copying training dataset
2022-06-21 11:05:22,387:INFO:Defining folds
2022-06-21 11:05:22,387:INFO:Declaring metric variables
2022-06-21 11:05:22,401:INFO:Importing untrained model
2022-06-21 11:05:22,414:INFO:Light Gradient Boosting Machine Imported succesfully
2022-06-21 11:05:22,441:INFO:Starting cross validation
2022-06-21 11:05:22,442:INFO:Cross validating with KFold(n_splits=10, random_state=None, shuffle=False), n_jobs=-1
2022-06-21 11:05:23,817:INFO:Calculating mean and std
2022-06-21 11:05:23,819:INFO:Creating metrics dataframe
2022-06-21 11:05:23,831:INFO:Uploading results into container
2022-06-21 11:05:23,831:INFO:Uploading model into container now
2022-06-21 11:05:23,831:INFO:create_model_container: 17
2022-06-21 11:05:23,831:INFO:master_model_container: 17
2022-06-21 11:05:23,831:INFO:display_container: 2
2022-06-21 11:05:23,834:INFO:PowerTransformedTargetRegressor(boosting_type='gbdt', class_weight=None,
                                colsample_bytree=1.0, importance_type='split',
                                learning_rate=0.1, max_depth=-1,
                                min_child_samples=20, min_child_weight=0.001,
                                min_split_gain=0.0, n_estimators=100, n_jobs=-1,
                                num_leaves=31, objective=None,
                                power_transformer_method='box-cox',
                                power_transformer_standardize=True,
                                random_state=5...
                                                        importance_type='split',
                                                        learning_rate=0.1,
                                                        max_depth=-1,
                                                        min_child_samples=20,
                                                        min_child_weight=0.001,
                                                        min_split_gain=0.0,
                                                        n_estimators=100,
                                                        n_jobs=-1,
                                                        num_leaves=31,
                                                        objective=None,
                                                        random_state=522,
                                                        reg_alpha=0.0,
                                                        reg_lambda=0.0,
                                                        silent='warn',
                                                        subsample=1.0,
                                                        subsample_for_bin=200000,
                                                        subsample_freq=0),
                                silent='warn', subsample=1.0,
                                subsample_for_bin=200000, subsample_freq=0)
2022-06-21 11:05:23,834:INFO:create_model() succesfully completed......................................
2022-06-21 11:05:23,982:INFO:SubProcess create_model() end ==================================
2022-06-21 11:05:23,983:INFO:Creating metrics dataframe
2022-06-21 11:05:24,006:INFO:Initializing CatBoost Regressor
2022-06-21 11:05:24,007:INFO:Total runtime is 0.9546849131584166 minutes
2022-06-21 11:05:24,026:INFO:SubProcess create_model() called ==================================
2022-06-21 11:05:24,026:INFO:Initializing create_model()
2022-06-21 11:05:24,026:INFO:create_model(estimator=catboost, fold=KFold(n_splits=10, random_state=None, shuffle=False), round=4, cross_validation=True, predict=True, fit_kwargs={}, groups=None, refit=False, verbose=False, system=False, metrics=None, experiment_custom_tags=None, add_to_model_list=True, probability_threshold=None, display=<pycaret.internal.Display.Display object at 0x7f1ca76ac5d0>, return_train_score=False, kwargs={})
2022-06-21 11:05:24,026:INFO:Checking exceptions
2022-06-21 11:05:24,026:INFO:Importing libraries
2022-06-21 11:05:24,026:INFO:Copying training dataset
2022-06-21 11:05:24,028:INFO:Defining folds
2022-06-21 11:05:24,028:INFO:Declaring metric variables
2022-06-21 11:05:24,042:INFO:Importing untrained model
2022-06-21 11:05:24,055:INFO:CatBoost Regressor Imported succesfully
2022-06-21 11:05:24,082:INFO:Starting cross validation
2022-06-21 11:05:24,083:INFO:Cross validating with KFold(n_splits=10, random_state=None, shuffle=False), n_jobs=-1
2022-06-21 11:05:37,540:INFO:Calculating mean and std
2022-06-21 11:05:37,541:INFO:Creating metrics dataframe
2022-06-21 11:05:37,552:INFO:Uploading results into container
2022-06-21 11:05:37,553:INFO:Uploading model into container now
2022-06-21 11:05:37,553:INFO:create_model_container: 18
2022-06-21 11:05:37,553:INFO:master_model_container: 18
2022-06-21 11:05:37,553:INFO:display_container: 2
2022-06-21 11:05:37,553:INFO:PowerTransformedTargetRegressor(border_count=254, loss_function='RMSE',
                                power_transformer_method='box-cox',
                                power_transformer_standardize=True,
                                random_state=522,
                                regressor=<catboost.core.CatBoostRegressor object at 0x7f1ca73f80d0>,
                                task_type='CPU', verbose=False)
2022-06-21 11:05:37,553:INFO:create_model() succesfully completed......................................
2022-06-21 11:05:37,694:INFO:SubProcess create_model() end ==================================
2022-06-21 11:05:37,694:INFO:Creating metrics dataframe
2022-06-21 11:05:37,714:INFO:Initializing Dummy Regressor
2022-06-21 11:05:37,715:INFO:Total runtime is 1.1831477880477905 minutes
2022-06-21 11:05:37,729:INFO:SubProcess create_model() called ==================================
2022-06-21 11:05:37,730:INFO:Initializing create_model()
2022-06-21 11:05:37,730:INFO:create_model(estimator=dummy, fold=KFold(n_splits=10, random_state=None, shuffle=False), round=4, cross_validation=True, predict=True, fit_kwargs={}, groups=None, refit=False, verbose=False, system=False, metrics=None, experiment_custom_tags=None, add_to_model_list=True, probability_threshold=None, display=<pycaret.internal.Display.Display object at 0x7f1ca76ac5d0>, return_train_score=False, kwargs={})
2022-06-21 11:05:37,730:INFO:Checking exceptions
2022-06-21 11:05:37,730:INFO:Importing libraries
2022-06-21 11:05:37,730:INFO:Copying training dataset
2022-06-21 11:05:37,732:INFO:Defining folds
2022-06-21 11:05:37,732:INFO:Declaring metric variables
2022-06-21 11:05:37,745:INFO:Importing untrained model
2022-06-21 11:05:37,756:INFO:Dummy Regressor Imported succesfully
2022-06-21 11:05:37,783:INFO:Starting cross validation
2022-06-21 11:05:37,784:INFO:Cross validating with KFold(n_splits=10, random_state=None, shuffle=False), n_jobs=-1
2022-06-21 11:05:37,971:INFO:Calculating mean and std
2022-06-21 11:05:37,972:INFO:Creating metrics dataframe
2022-06-21 11:05:37,978:INFO:Uploading results into container
2022-06-21 11:05:37,978:INFO:Uploading model into container now
2022-06-21 11:05:37,978:INFO:create_model_container: 19
2022-06-21 11:05:37,978:INFO:master_model_container: 19
2022-06-21 11:05:37,979:INFO:display_container: 2
2022-06-21 11:05:37,979:INFO:PowerTransformedTargetRegressor(constant=None,
                                power_transformer_method='box-cox',
                                power_transformer_standardize=True,
                                quantile=None,
                                regressor=DummyRegressor(constant=None,
                                                         quantile=None,
                                                         strategy='mean'),
                                strategy='mean')
2022-06-21 11:05:37,979:INFO:create_model() succesfully completed......................................
2022-06-21 11:05:38,126:INFO:SubProcess create_model() end ==================================
2022-06-21 11:05:38,126:INFO:Creating metrics dataframe
2022-06-21 11:05:38,184:INFO:Initializing create_model()
2022-06-21 11:05:38,184:INFO:create_model(estimator=PowerTransformedTargetRegressor(border_count=254, loss_function='RMSE',
                                power_transformer_method='box-cox',
                                power_transformer_standardize=True,
                                random_state=522,
                                regressor=<catboost.core.CatBoostRegressor object at 0x7f1ca73f80d0>,
                                task_type='CPU', verbose=False), fold=KFold(n_splits=10, random_state=None, shuffle=False), round=4, cross_validation=False, predict=False, fit_kwargs={}, groups=None, refit=True, verbose=False, system=False, metrics=None, experiment_custom_tags=None, add_to_model_list=True, probability_threshold=None, display=None, return_train_score=False, kwargs={})
2022-06-21 11:05:38,184:INFO:Checking exceptions
2022-06-21 11:05:38,184:INFO:Importing libraries
2022-06-21 11:05:38,184:INFO:Copying training dataset
2022-06-21 11:05:38,185:INFO:Defining folds
2022-06-21 11:05:38,185:INFO:Declaring metric variables
2022-06-21 11:05:38,185:INFO:Importing untrained model
2022-06-21 11:05:38,185:INFO:Declaring custom model
2022-06-21 11:05:38,186:INFO:CatBoost Regressor Imported succesfully
2022-06-21 11:05:38,186:INFO:Cross validation set to False
2022-06-21 11:05:38,187:INFO:Fitting Model
2022-06-21 11:05:39,433:INFO:PowerTransformedTargetRegressor(border_count=254, loss_function='RMSE',
                                power_transformer_method='box-cox',
                                power_transformer_standardize=True,
                                random_state=522,
                                regressor=<catboost.core.CatBoostRegressor object at 0x7f1ca72a4850>,
                                task_type='CPU', verbose=False)
2022-06-21 11:05:39,433:INFO:create_models() succesfully completed......................................
2022-06-21 11:05:39,578:INFO:Creating Dashboard logs
2022-06-21 11:05:39,589:INFO:Model: CatBoost Regressor
2022-06-21 11:05:39,603:INFO:logged params: {'nan_mode': 'Min', 'eval_metric': 'RMSE', 'iterations': 1000, 'sampling_frequency': 'PerTree', 'leaf_estimation_method': 'Newton', 'grow_policy': 'SymmetricTree', 'penalties_coefficient': 1, 'boosting_type': 'Plain', 'model_shrink_mode': 'Constant', 'feature_border_type': 'GreedyLogSum', 'bayesian_matrix_reg': 0.10000000149011612, 'force_unit_auto_pair_weights': False, 'l2_leaf_reg': 3, 'random_strength': 1, 'rsm': 1, 'boost_from_average': True, 'model_size_reg': 0.5, 'pool_metainfo_options': {'tags': {}}, 'subsample': 0.800000011920929, 'use_best_model': False, 'random_seed': 522, 'depth': 6, 'posterior_sampling': False, 'border_count': 254, 'classes_count': 0, 'auto_class_weights': 'None', 'sparse_features_conflict_fraction': 0, 'leaf_estimation_backtracking': 'AnyImprovement', 'best_model_min_trees': 1, 'model_shrink_rate': 0, 'min_data_in_leaf': 1, 'loss_function': 'RMSE', 'learning_rate': 0.051360998302698135, 'score_function': 'Cosine', 'task_type': 'CPU', 'leaf_estimation_iterations': 1, 'bootstrap_type': 'MVS', 'max_leaves': 64}
2022-06-21 11:05:39,617:INFO:Initializing predict_model()
2022-06-21 11:05:39,617:INFO:predict_model(estimator=PowerTransformedTargetRegressor(border_count=254, loss_function='RMSE',
                                power_transformer_method='box-cox',
                                power_transformer_standardize=True,
                                random_state=522,
                                regressor=<catboost.core.CatBoostRegressor object at 0x7f1ca72a4850>,
                                task_type='CPU', verbose=False), probability_threshold=None, encoded_labels=False, drift_report=False, raw_score=False, round=4, verbose=False, ml_usecase=None, display=None, drift_kwargs=None)
2022-06-21 11:05:39,617:INFO:Checking exceptions
2022-06-21 11:05:39,617:INFO:Preloading libraries
2022-06-21 11:05:39,962:INFO:Creating Dashboard logs
2022-06-21 11:05:39,976:INFO:Model: Extreme Gradient Boosting
2022-06-21 11:05:39,988:WARNING:Couldn't get params for model. Exception:
2022-06-21 11:05:39,989:WARNING:Traceback (most recent call last):
  File "/usr/local/lib/python3.7/dist-packages/pycaret/loggers/__init__.py", line 77, in log_model
    params = params.get_all_params()
AttributeError: 'NoneType' object has no attribute 'get_all_params'

During handling of the above exception, another exception occurred:

Traceback (most recent call last):
  File "/usr/local/lib/python3.7/dist-packages/pycaret/loggers/__init__.py", line 79, in log_model
    params = params.get_params()
AttributeError: 'NoneType' object has no attribute 'get_params'

2022-06-21 11:05:39,989:INFO:logged params: {}
2022-06-21 11:05:40,158:INFO:Creating Dashboard logs
2022-06-21 11:05:40,173:INFO:Model: Light Gradient Boosting Machine
2022-06-21 11:05:40,185:WARNING:Couldn't get params for model. Exception:
2022-06-21 11:05:40,185:WARNING:Traceback (most recent call last):
  File "/usr/local/lib/python3.7/dist-packages/pycaret/loggers/__init__.py", line 77, in log_model
    params = params.get_all_params()
AttributeError: 'NoneType' object has no attribute 'get_all_params'

During handling of the above exception, another exception occurred:

Traceback (most recent call last):
  File "/usr/local/lib/python3.7/dist-packages/pycaret/loggers/__init__.py", line 79, in log_model
    params = params.get_params()
AttributeError: 'NoneType' object has no attribute 'get_params'

2022-06-21 11:05:40,185:INFO:logged params: {}
2022-06-21 11:05:40,360:INFO:Creating Dashboard logs
2022-06-21 11:05:40,373:INFO:Model: Extra Trees Regressor
2022-06-21 11:05:40,385:WARNING:Couldn't get params for model. Exception:
2022-06-21 11:05:40,385:WARNING:Traceback (most recent call last):
  File "/usr/local/lib/python3.7/dist-packages/pycaret/loggers/__init__.py", line 77, in log_model
    params = params.get_all_params()
AttributeError: 'NoneType' object has no attribute 'get_all_params'

During handling of the above exception, another exception occurred:

Traceback (most recent call last):
  File "/usr/local/lib/python3.7/dist-packages/pycaret/loggers/__init__.py", line 79, in log_model
    params = params.get_params()
AttributeError: 'NoneType' object has no attribute 'get_params'

2022-06-21 11:05:40,385:INFO:logged params: {}
2022-06-21 11:05:40,550:INFO:Creating Dashboard logs
2022-06-21 11:05:40,564:INFO:Model: Random Forest Regressor
2022-06-21 11:05:40,578:WARNING:Couldn't get params for model. Exception:
2022-06-21 11:05:40,578:WARNING:Traceback (most recent call last):
  File "/usr/local/lib/python3.7/dist-packages/pycaret/loggers/__init__.py", line 77, in log_model
    params = params.get_all_params()
AttributeError: 'NoneType' object has no attribute 'get_all_params'

During handling of the above exception, another exception occurred:

Traceback (most recent call last):
  File "/usr/local/lib/python3.7/dist-packages/pycaret/loggers/__init__.py", line 79, in log_model
    params = params.get_params()
AttributeError: 'NoneType' object has no attribute 'get_params'

2022-06-21 11:05:40,578:INFO:logged params: {}
2022-06-21 11:05:40,748:INFO:Creating Dashboard logs
2022-06-21 11:05:40,759:INFO:Model: Gradient Boosting Regressor
2022-06-21 11:05:40,770:WARNING:Couldn't get params for model. Exception:
2022-06-21 11:05:40,770:WARNING:Traceback (most recent call last):
  File "/usr/local/lib/python3.7/dist-packages/pycaret/loggers/__init__.py", line 77, in log_model
    params = params.get_all_params()
AttributeError: 'NoneType' object has no attribute 'get_all_params'

During handling of the above exception, another exception occurred:

Traceback (most recent call last):
  File "/usr/local/lib/python3.7/dist-packages/pycaret/loggers/__init__.py", line 79, in log_model
    params = params.get_params()
AttributeError: 'NoneType' object has no attribute 'get_params'

2022-06-21 11:05:40,770:INFO:logged params: {}
2022-06-21 11:05:40,943:INFO:Creating Dashboard logs
2022-06-21 11:05:40,957:INFO:Model: Decision Tree Regressor
2022-06-21 11:05:40,968:WARNING:Couldn't get params for model. Exception:
2022-06-21 11:05:40,968:WARNING:Traceback (most recent call last):
  File "/usr/local/lib/python3.7/dist-packages/pycaret/loggers/__init__.py", line 77, in log_model
    params = params.get_all_params()
AttributeError: 'NoneType' object has no attribute 'get_all_params'

During handling of the above exception, another exception occurred:

Traceback (most recent call last):
  File "/usr/local/lib/python3.7/dist-packages/pycaret/loggers/__init__.py", line 79, in log_model
    params = params.get_params()
AttributeError: 'NoneType' object has no attribute 'get_params'

2022-06-21 11:05:40,968:INFO:logged params: {}
2022-06-21 11:05:41,139:INFO:Creating Dashboard logs
2022-06-21 11:05:41,150:INFO:Model: PowerTransformedTargetRegressor
2022-06-21 11:05:41,161:WARNING:Couldn't get params for model. Exception:
2022-06-21 11:05:41,161:WARNING:Traceback (most recent call last):
  File "/usr/local/lib/python3.7/dist-packages/pycaret/loggers/__init__.py", line 77, in log_model
    params = params.get_all_params()
AttributeError: 'NoneType' object has no attribute 'get_all_params'

During handling of the above exception, another exception occurred:

Traceback (most recent call last):
  File "/usr/local/lib/python3.7/dist-packages/pycaret/loggers/__init__.py", line 79, in log_model
    params = params.get_params()
AttributeError: 'NoneType' object has no attribute 'get_params'

2022-06-21 11:05:41,161:INFO:logged params: {}
2022-06-21 11:05:41,335:INFO:Creating Dashboard logs
2022-06-21 11:05:41,349:INFO:Model: K Neighbors Regressor
2022-06-21 11:05:41,363:WARNING:Couldn't get params for model. Exception:
2022-06-21 11:05:41,363:WARNING:Traceback (most recent call last):
  File "/usr/local/lib/python3.7/dist-packages/pycaret/loggers/__init__.py", line 77, in log_model
    params = params.get_all_params()
AttributeError: 'NoneType' object has no attribute 'get_all_params'

During handling of the above exception, another exception occurred:

Traceback (most recent call last):
  File "/usr/local/lib/python3.7/dist-packages/pycaret/loggers/__init__.py", line 79, in log_model
    params = params.get_params()
AttributeError: 'NoneType' object has no attribute 'get_params'

2022-06-21 11:05:41,364:INFO:logged params: {}
2022-06-21 11:05:41,530:INFO:Creating Dashboard logs
2022-06-21 11:05:41,541:INFO:Model: Orthogonal Matching Pursuit
2022-06-21 11:05:41,554:WARNING:Couldn't get params for model. Exception:
2022-06-21 11:05:41,555:WARNING:Traceback (most recent call last):
  File "/usr/local/lib/python3.7/dist-packages/pycaret/loggers/__init__.py", line 77, in log_model
    params = params.get_all_params()
AttributeError: 'NoneType' object has no attribute 'get_all_params'

During handling of the above exception, another exception occurred:

Traceback (most recent call last):
  File "/usr/local/lib/python3.7/dist-packages/pycaret/loggers/__init__.py", line 79, in log_model
    params = params.get_params()
AttributeError: 'NoneType' object has no attribute 'get_params'

2022-06-21 11:05:41,555:INFO:logged params: {}
2022-06-21 11:05:41,722:INFO:Creating Dashboard logs
2022-06-21 11:05:41,734:INFO:Model: Least Angle Regression
2022-06-21 11:05:41,746:WARNING:Couldn't get params for model. Exception:
2022-06-21 11:05:41,746:WARNING:Traceback (most recent call last):
  File "/usr/local/lib/python3.7/dist-packages/pycaret/loggers/__init__.py", line 77, in log_model
    params = params.get_all_params()
AttributeError: 'NoneType' object has no attribute 'get_all_params'

During handling of the above exception, another exception occurred:

Traceback (most recent call last):
  File "/usr/local/lib/python3.7/dist-packages/pycaret/loggers/__init__.py", line 79, in log_model
    params = params.get_params()
AttributeError: 'NoneType' object has no attribute 'get_params'

2022-06-21 11:05:41,746:INFO:logged params: {}
2022-06-21 11:05:41,920:INFO:Creating Dashboard logs
2022-06-21 11:05:41,931:INFO:Model: Lasso Regression
2022-06-21 11:05:41,943:WARNING:Couldn't get params for model. Exception:
2022-06-21 11:05:41,943:WARNING:Traceback (most recent call last):
  File "/usr/local/lib/python3.7/dist-packages/pycaret/loggers/__init__.py", line 77, in log_model
    params = params.get_all_params()
AttributeError: 'NoneType' object has no attribute 'get_all_params'

During handling of the above exception, another exception occurred:

Traceback (most recent call last):
  File "/usr/local/lib/python3.7/dist-packages/pycaret/loggers/__init__.py", line 79, in log_model
    params = params.get_params()
AttributeError: 'NoneType' object has no attribute 'get_params'

2022-06-21 11:05:41,943:INFO:logged params: {}
2022-06-21 11:05:42,116:INFO:Creating Dashboard logs
2022-06-21 11:05:42,130:INFO:Model: Elastic Net
2022-06-21 11:05:42,142:WARNING:Couldn't get params for model. Exception:
2022-06-21 11:05:42,142:WARNING:Traceback (most recent call last):
  File "/usr/local/lib/python3.7/dist-packages/pycaret/loggers/__init__.py", line 77, in log_model
    params = params.get_all_params()
AttributeError: 'NoneType' object has no attribute 'get_all_params'

During handling of the above exception, another exception occurred:

Traceback (most recent call last):
  File "/usr/local/lib/python3.7/dist-packages/pycaret/loggers/__init__.py", line 79, in log_model
    params = params.get_params()
AttributeError: 'NoneType' object has no attribute 'get_params'

2022-06-21 11:05:42,143:INFO:logged params: {}
2022-06-21 11:05:42,312:INFO:Creating Dashboard logs
2022-06-21 11:05:42,328:INFO:Model: Dummy Regressor
2022-06-21 11:05:42,342:WARNING:Couldn't get params for model. Exception:
2022-06-21 11:05:42,342:WARNING:Traceback (most recent call last):
  File "/usr/local/lib/python3.7/dist-packages/pycaret/loggers/__init__.py", line 77, in log_model
    params = params.get_all_params()
AttributeError: 'NoneType' object has no attribute 'get_all_params'

During handling of the above exception, another exception occurred:

Traceback (most recent call last):
  File "/usr/local/lib/python3.7/dist-packages/pycaret/loggers/__init__.py", line 79, in log_model
    params = params.get_params()
AttributeError: 'NoneType' object has no attribute 'get_params'

2022-06-21 11:05:42,342:INFO:logged params: {}
2022-06-21 11:05:42,514:INFO:Creating Dashboard logs
2022-06-21 11:05:42,527:INFO:Model: Huber Regressor
2022-06-21 11:05:42,541:WARNING:Couldn't get params for model. Exception:
2022-06-21 11:05:42,541:WARNING:Traceback (most recent call last):
  File "/usr/local/lib/python3.7/dist-packages/pycaret/loggers/__init__.py", line 77, in log_model
    params = params.get_all_params()
AttributeError: 'NoneType' object has no attribute 'get_all_params'

During handling of the above exception, another exception occurred:

Traceback (most recent call last):
  File "/usr/local/lib/python3.7/dist-packages/pycaret/loggers/__init__.py", line 79, in log_model
    params = params.get_params()
AttributeError: 'NoneType' object has no attribute 'get_params'

2022-06-21 11:05:42,541:INFO:logged params: {}
2022-06-21 11:05:42,716:INFO:Creating Dashboard logs
2022-06-21 11:05:42,729:INFO:Model: Ridge Regression
2022-06-21 11:05:42,743:WARNING:Couldn't get params for model. Exception:
2022-06-21 11:05:42,743:WARNING:Traceback (most recent call last):
  File "/usr/local/lib/python3.7/dist-packages/pycaret/loggers/__init__.py", line 77, in log_model
    params = params.get_all_params()
AttributeError: 'NoneType' object has no attribute 'get_all_params'

During handling of the above exception, another exception occurred:

Traceback (most recent call last):
  File "/usr/local/lib/python3.7/dist-packages/pycaret/loggers/__init__.py", line 79, in log_model
    params = params.get_params()
AttributeError: 'NoneType' object has no attribute 'get_params'

2022-06-21 11:05:42,743:INFO:logged params: {}
2022-06-21 11:05:42,914:INFO:Creating Dashboard logs
2022-06-21 11:05:42,926:INFO:Model: Bayesian Ridge
2022-06-21 11:05:42,942:WARNING:Couldn't get params for model. Exception:
2022-06-21 11:05:42,942:WARNING:Traceback (most recent call last):
  File "/usr/local/lib/python3.7/dist-packages/pycaret/loggers/__init__.py", line 77, in log_model
    params = params.get_all_params()
AttributeError: 'NoneType' object has no attribute 'get_all_params'

During handling of the above exception, another exception occurred:

Traceback (most recent call last):
  File "/usr/local/lib/python3.7/dist-packages/pycaret/loggers/__init__.py", line 79, in log_model
    params = params.get_params()
AttributeError: 'NoneType' object has no attribute 'get_params'

2022-06-21 11:05:42,942:INFO:logged params: {}
2022-06-21 11:05:43,119:INFO:Creating Dashboard logs
2022-06-21 11:05:43,130:INFO:Model: Linear Regression
2022-06-21 11:05:43,145:WARNING:Couldn't get params for model. Exception:
2022-06-21 11:05:43,146:WARNING:Traceback (most recent call last):
  File "/usr/local/lib/python3.7/dist-packages/pycaret/loggers/__init__.py", line 77, in log_model
    params = params.get_all_params()
AttributeError: 'NoneType' object has no attribute 'get_all_params'

During handling of the above exception, another exception occurred:

Traceback (most recent call last):
  File "/usr/local/lib/python3.7/dist-packages/pycaret/loggers/__init__.py", line 79, in log_model
    params = params.get_params()
AttributeError: 'NoneType' object has no attribute 'get_params'

2022-06-21 11:05:43,146:INFO:logged params: {}
2022-06-21 11:05:43,323:INFO:Creating Dashboard logs
2022-06-21 11:05:43,335:INFO:Model: Passive Aggressive Regressor
2022-06-21 11:05:43,349:WARNING:Couldn't get params for model. Exception:
2022-06-21 11:05:43,349:WARNING:Traceback (most recent call last):
  File "/usr/local/lib/python3.7/dist-packages/pycaret/loggers/__init__.py", line 77, in log_model
    params = params.get_all_params()
AttributeError: 'NoneType' object has no attribute 'get_all_params'

During handling of the above exception, another exception occurred:

Traceback (most recent call last):
  File "/usr/local/lib/python3.7/dist-packages/pycaret/loggers/__init__.py", line 79, in log_model
    params = params.get_params()
AttributeError: 'NoneType' object has no attribute 'get_params'

2022-06-21 11:05:43,349:INFO:logged params: {}
2022-06-21 11:05:43,536:INFO:create_model_container: 19
2022-06-21 11:05:43,536:INFO:master_model_container: 19
2022-06-21 11:05:43,537:INFO:display_container: 2
2022-06-21 11:05:43,537:INFO:PowerTransformedTargetRegressor(border_count=254, loss_function='RMSE',
                                power_transformer_method='box-cox',
                                power_transformer_standardize=True,
                                random_state=522,
                                regressor=<catboost.core.CatBoostRegressor object at 0x7f1ca72a4850>,
                                task_type='CPU', verbose=False)
2022-06-21 11:05:43,537:INFO:compare_models() succesfully completed......................................
2022-06-21 11:06:07,154:INFO:Initializing plot_model()
2022-06-21 11:06:07,154:INFO:plot_model(fold=None, use_train_data=False, verbose=True, is_in_evaluate=False, display=None, display_format=None, estimator=PowerTransformedTargetRegressor(border_count=254, loss_function='RMSE',
                                power_transformer_method='box-cox',
                                power_transformer_standardize=True,
                                random_state=522,
                                regressor=<catboost.core.CatBoostRegressor object at 0x7f1ca72a4850>,
                                task_type='CPU', verbose=False), feature_name=None, fit_kwargs=None, groups=None, label=False, plot=residuals_interactive, plot_kwargs=None, save=False, scale=1, system=True)
2022-06-21 11:06:07,154:INFO:Checking exceptions
2022-06-21 11:06:07,154:INFO:Preparing display monitor
2022-06-21 11:06:07,194:INFO:Preloading libraries
2022-06-21 11:06:07,197:INFO:Copying training dataset
2022-06-21 11:06:07,203:INFO:Copying test dataset
2022-06-21 11:06:07,204:INFO:Plot type: residuals_interactive
2022-06-21 11:06:07,283:INFO:Calculated model residuals
2022-06-21 11:06:10,055:INFO:Calculated Tunkey-Anscombe Plot
2022-06-21 11:06:11,758:INFO:Calculated Normal QQ Plot
2022-06-21 11:06:12,965:INFO:Calculated Scale-Location Plot
2022-06-21 11:06:13,420:INFO:Calculated Residual vs Leverage Plot inc. Cook's distance
2022-06-21 11:06:13,517:INFO:Visual Rendered Successfully
2022-06-21 11:06:13,714:INFO:plot_model() succesfully completed......................................
2022-06-21 11:06:31,420:INFO:Initializing plot_model()
2022-06-21 11:06:31,426:INFO:plot_model(fold=None, use_train_data=False, verbose=True, is_in_evaluate=False, display=None, display_format=None, estimator=PowerTransformedTargetRegressor(border_count=254, loss_function='RMSE',
                                power_transformer_method='box-cox',
                                power_transformer_standardize=True,
                                random_state=522,
                                regressor=<catboost.core.CatBoostRegressor object at 0x7f1ca72a4850>,
                                task_type='CPU', verbose=False), feature_name=None, fit_kwargs=None, groups=None, label=False, plot=feature, plot_kwargs=None, save=False, scale=1, system=True)
2022-06-21 11:06:31,426:INFO:Checking exceptions
2022-06-21 11:06:31,427:INFO:Preparing display monitor
2022-06-21 11:06:31,456:INFO:Preloading libraries
2022-06-21 11:06:31,466:INFO:Copying training dataset
2022-06-21 11:06:31,467:INFO:Copying test dataset
2022-06-21 11:06:31,467:INFO:Plot type: feature
2022-06-21 11:06:31,473:WARNING:No coef_ found. Trying feature_importances_
2022-06-21 11:06:31,831:INFO:Visual Rendered Successfully
2022-06-21 11:06:32,064:INFO:plot_model() succesfully completed......................................
2022-06-21 11:07:49,690:INFO:Initializing finalize_model()
2022-06-21 11:07:49,690:INFO:finalize_model(estimator=PowerTransformedTargetRegressor(border_count=254, loss_function='RMSE',
                                power_transformer_method='box-cox',
                                power_transformer_standardize=True,
                                random_state=522,
                                regressor=<catboost.core.CatBoostRegressor object at 0x7f1ca72a4850>,
                                task_type='CPU', verbose=False), fit_kwargs=None, groups=None, model_only=True, display=None, experiment_custom_tags=None, return_train_score=False)
2022-06-21 11:07:49,691:INFO:Finalizing PowerTransformedTargetRegressor(border_count=254, loss_function='RMSE',
                                power_transformer_method='box-cox',
                                power_transformer_standardize=True,
                                random_state=522,
                                regressor=<catboost.core.CatBoostRegressor object at 0x7f1ca72a4850>,
                                task_type='CPU', verbose=False)
2022-06-21 11:07:49,691:INFO:Initializing create_model()
2022-06-21 11:07:49,691:INFO:create_model(estimator=PowerTransformedTargetRegressor(border_count=254, loss_function='RMSE',
                                power_transformer_method='box-cox',
                                power_transformer_standardize=True,
                                random_state=522,
                                regressor=<catboost.core.CatBoostRegressor object at 0x7f1ca72a4850>,
                                task_type='CPU', verbose=False), fold=None, round=4, cross_validation=True, predict=True, fit_kwargs={}, groups=None, refit=True, verbose=False, system=False, metrics=None, experiment_custom_tags=None, add_to_model_list=False, probability_threshold=None, display=None, return_train_score=False, kwargs={})
2022-06-21 11:07:49,692:INFO:Checking exceptions
2022-06-21 11:07:49,696:INFO:Importing libraries
2022-06-21 11:07:49,696:INFO:Copying training dataset
2022-06-21 11:07:49,697:INFO:Defining folds
2022-06-21 11:07:49,697:INFO:Declaring metric variables
2022-06-21 11:07:49,697:INFO:Importing untrained model
2022-06-21 11:07:49,697:INFO:Declaring custom model
2022-06-21 11:07:49,698:INFO:CatBoost Regressor Imported succesfully
2022-06-21 11:07:49,698:INFO:Starting cross validation
2022-06-21 11:07:49,699:INFO:Cross validating with KFold(n_splits=10, random_state=None, shuffle=False), n_jobs=-1
2022-06-21 11:08:07,338:INFO:Calculating mean and std
2022-06-21 11:08:07,338:INFO:Creating metrics dataframe
2022-06-21 11:08:07,342:INFO:Finalizing model
2022-06-21 11:08:08,774:INFO:create_model_container: 19
2022-06-21 11:08:08,774:INFO:master_model_container: 19
2022-06-21 11:08:08,774:INFO:display_container: 3
2022-06-21 11:08:08,775:INFO:PowerTransformedTargetRegressor(border_count=254, loss_function='RMSE',
                                power_transformer_method='box-cox',
                                power_transformer_standardize=True,
                                random_state=522,
                                regressor=<catboost.core.CatBoostRegressor object at 0x7f1ca650db90>,
                                task_type='CPU', verbose=False)
2022-06-21 11:08:08,775:INFO:create_model() succesfully completed......................................
2022-06-21 11:08:08,932:INFO:Creating Dashboard logs
2022-06-21 11:08:08,933:INFO:Model: CatBoost Regressor
2022-06-21 11:08:08,944:INFO:logged params: {'nan_mode': 'Min', 'eval_metric': 'RMSE', 'iterations': 1000, 'sampling_frequency': 'PerTree', 'leaf_estimation_method': 'Newton', 'grow_policy': 'SymmetricTree', 'penalties_coefficient': 1, 'boosting_type': 'Plain', 'model_shrink_mode': 'Constant', 'feature_border_type': 'GreedyLogSum', 'bayesian_matrix_reg': 0.10000000149011612, 'force_unit_auto_pair_weights': False, 'l2_leaf_reg': 3, 'random_strength': 1, 'rsm': 1, 'boost_from_average': True, 'model_size_reg': 0.5, 'pool_metainfo_options': {'tags': {}}, 'subsample': 0.800000011920929, 'use_best_model': False, 'random_seed': 522, 'depth': 6, 'posterior_sampling': False, 'border_count': 254, 'classes_count': 0, 'auto_class_weights': 'None', 'sparse_features_conflict_fraction': 0, 'leaf_estimation_backtracking': 'AnyImprovement', 'best_model_min_trees': 1, 'model_shrink_rate': 0, 'min_data_in_leaf': 1, 'loss_function': 'RMSE', 'learning_rate': 0.05434099957346916, 'score_function': 'Cosine', 'task_type': 'CPU', 'leaf_estimation_iterations': 1, 'bootstrap_type': 'MVS', 'max_leaves': 64}
2022-06-21 11:08:08,960:INFO:Initializing predict_model()
2022-06-21 11:08:08,960:INFO:predict_model(estimator=PowerTransformedTargetRegressor(border_count=254, loss_function='RMSE',
                                power_transformer_method='box-cox',
                                power_transformer_standardize=True,
                                random_state=522,
                                regressor=<catboost.core.CatBoostRegressor object at 0x7f1ca650db90>,
                                task_type='CPU', verbose=False), probability_threshold=None, encoded_labels=False, drift_report=False, raw_score=False, round=4, verbose=False, ml_usecase=None, display=None, drift_kwargs=None)
2022-06-21 11:08:08,960:INFO:Checking exceptions
2022-06-21 11:08:08,960:INFO:Preloading libraries
2022-06-21 11:08:09,289:INFO:create_model_container: 19
2022-06-21 11:08:09,289:INFO:master_model_container: 19
2022-06-21 11:08:09,289:INFO:display_container: 2
2022-06-21 11:08:09,290:INFO:PowerTransformedTargetRegressor(border_count=254, loss_function='RMSE',
                                power_transformer_method='box-cox',
                                power_transformer_standardize=True,
                                random_state=522,
                                regressor=<catboost.core.CatBoostRegressor object at 0x7f1ca650db90>,
                                task_type='CPU', verbose=False)
2022-06-21 11:08:09,290:INFO:finalize_model() succesfully completed......................................
2022-06-21 11:08:09,436:INFO:Initializing save_model()
2022-06-21 11:08:09,436:INFO:save_model(model=PowerTransformedTargetRegressor(border_count=254, loss_function='RMSE',
                                power_transformer_method='box-cox',
                                power_transformer_standardize=True,
                                random_state=522,
                                regressor=<catboost.core.CatBoostRegressor object at 0x7f1ca650db90>,
                                task_type='CPU', verbose=False), model_name=/content/diamond-pipeline, prep_pipe_=Pipeline(memory=None,
         steps=[('dtypes',
                 DataTypes_Auto_infer(categorical_features=[],
                                      display_types=True, features_todrop=[],
                                      id_columns=[], ml_usecase='regression',
                                      numerical_features=[], target='Price',
                                      time_features=[])),
                ('imputer',
                 Simple_Imputer(categorical_strategy='not_available',
                                fill_value_categorical=None,
                                fill_value_numerical=None,
                                numeric_strategy='...
                ('scaling', 'passthrough'), ('P_transform', 'passthrough'),
                ('binn', 'passthrough'), ('rem_outliers', 'passthrough'),
                ('cluster_all', 'passthrough'),
                ('dummy', Dummify(target='Price')),
                ('fix_perfect', Remove_100(target='Price')),
                ('clean_names', Clean_Colum_Names()),
                ('feature_select', 'passthrough'), ('fix_multi', 'passthrough'),
                ('dfs', 'passthrough'), ('pca', 'passthrough')],
         verbose=False), verbose=True, kwargs={})
2022-06-21 11:08:09,436:INFO:Adding model into prep_pipe
2022-06-21 11:08:09,447:INFO:/content/diamond-pipeline.pkl saved in current working directory
2022-06-21 11:08:09,453:INFO:Pipeline(memory=None,
         steps=[('dtypes',
                 DataTypes_Auto_infer(categorical_features=[],
                                      display_types=True, features_todrop=[],
                                      id_columns=[], ml_usecase='regression',
                                      numerical_features=[], target='Price',
                                      time_features=[])),
                ('imputer',
                 Simple_Imputer(categorical_strategy='not_available',
                                fill_value_categorical=None,
                                fill_value_numerical=None,
                                numeric_strategy='...
                ('feature_select', 'passthrough'), ('fix_multi', 'passthrough'),
                ('dfs', 'passthrough'), ('pca', 'passthrough'),
                ['trained_model',
                 PowerTransformedTargetRegressor(border_count=254,
                                                 loss_function='RMSE',
                                                 power_transformer_method='box-cox',
                                                 power_transformer_standardize=True,
                                                 random_state=522,
                                                 regressor=<catboost.core.CatBoostRegressor object at 0x7f1ca650db90>,
                                                 task_type='CPU',
                                                 verbose=False)]],
         verbose=False)
2022-06-21 11:08:09,453:INFO:save_model() successfully completed......................................
